<?xml version="1.0" encoding="UTF-8"?>
<testsuite xmlns:xsi="http://www.w3.org/2001/XMLSchema-instance" xsi:noNamespaceSchemaLocation="https://maven.apache.org/surefire/maven-surefire-plugin/xsd/surefire-test-report-3.0.xsd" version="3.0" name="com.proxy.local.sysproxy.SystemProxyManagerTest" time="0.126" tests="5" errors="0" skipped="2" failures="0">
  <properties>
[...]
</properties>
  <testcase name="testDisableWithoutEnable" classname="com.proxy.local.sysproxy.SystemProxyManagerTest" time="0.102"/>
  <testcase name="testNoopManager" classname="com.proxy.local.sysproxy.SystemProxyManagerTest" time="0.004">
    <system-out><![CDATA[11:20:00.596 [main] INFO  c.p.l.s.NoopSystemProxyManager - System proxy auto-configuration is disabled or not supported on this platform
]]></system-out>
  </testcase>
  <testcase name="testCreateByPlatform" classname="com.proxy.local.sysproxy.SystemProxyManagerTest" time="0.001">
    <system-out><![CDATA[Platform detected: mac os x → MacSystemProxyManager
]]></system-out>
  </testcase>
  <testcase name="testEnableAndDisable" classname="com.proxy.local.sysproxy.SystemProxyManagerTest" time="0.0">
    <skipped message="Environment variable [PROXY_TEST_SYSPROXY] does not exist"/>
  </testcase>
  <testcase name="testDoubleEnable" classname="com.proxy.local.sysproxy.SystemProxyManagerTest" time="0.0">
    <skipped message="Environment variable [PROXY_TEST_SYSPROXY] does not exist"/>
  </testcase>
</testsuite>