<?xml version="1.0" encoding="UTF-8"?>
<testsuite xmlns:xsi="http://www.w3.org/2001/XMLSchema-instance" xsi:noNamespaceSchemaLocation="https://maven.apache.org/surefire/maven-surefire-plugin/xsd/surefire-test-report-3.0.xsd" version="3.0" name="com.proxy.remote.integration.ClientServerIntegrationTest" time="0.12" tests="7" errors="0" skipped="0" failures="0">
  <properties>
[...]
</properties>
  <testcase name="testDataEcho" classname="com.proxy.remote.integration.ClientServerIntegrationTest" time="0.014">
    <system-out><![CDATA[10:30:46.349 [main] DEBUG com.proxy.common.spi.ExtensionLoader - Loaded 1 extension classes for type: com.proxy.common.exchange.Exchanger: [header]
10:30:46.350 [main] DEBUG com.proxy.common.spi.ExtensionLoader - Loaded 1 extension classes for type: com.proxy.common.transport.Transporter: [netty]
10:30:46.351 [main] INFO  c.proxy.transport.netty.NettyServer - NettyServer started on 127.0.0.1:52041 (bossThreads=1, workerThreads=2, maxStreams=100, backlog=128)
10:30:46.351 [main] INFO  c.p.transport.netty.NettyTransporter - NettyServer started on 127.0.0.1:52041
10:30:46.351 [main] INFO  c.p.exchange.header.HeaderExchanger - HeaderExchanger bound ExchangeServer on 127.0.0.1:52041
10:30:46.355 [main] INFO  c.p.t.netty.pool.ConnectionPool - Created new HTTP/2 connection to 127.0.0.1:52041, pool size: 1
10:30:46.356 [main] INFO  c.proxy.transport.netty.NettyClient - NettyClient connected to 127.0.0.1:52041 via HTTP/2
10:30:46.356 [main] INFO  c.p.transport.netty.NettyTransporter - Created NettyClient to 127.0.0.1:52041
10:30:46.356 [main] INFO  c.p.exchange.header.HeaderExchanger - HeaderExchanger created ExchangeClient to 127.0.0.1:52041
10:30:46.356 [nioEventLoopGroup-39-1] DEBUG c.proxy.transport.netty.NettyServer - Client connected: /127.0.0.1:52042, active connections: 1
10:30:46.356 [nioEventLoopGroup-40-1] DEBUG com.proxy.common.spi.ExtensionLoader - Loaded 4 extension classes for type: com.proxy.common.crypto.Cipher: [aes-gcm, chacha20, aes-ctr-hmac, none]
10:30:46.356 [nioEventLoopGroup-40-1] WARN  com.proxy.crypto.NoneCipher - NoneCipher initialized — data will NOT be encrypted! Do NOT use in production.
10:30:46.356 [nioEventLoopGroup-40-1] DEBUG com.proxy.common.spi.ExtensionLoader - Loaded 1 extension classes for type: com.proxy.common.codec.Codec: [proxy]
10:30:46.357 [main] DEBUG c.p.t.netty.pool.ConnectionPool - Opened HTTP/2 stream on connection [id: 0xac85b0e3, L:/127.0.0.1:52042 - R:/127.0.0.1:52041], active streams: 1
10:30:46.357 [main] DEBUG c.proxy.transport.netty.NettyClient - Created HTTP/2 stream for streamId=2
10:30:46.358 [nioEventLoopGroup-39-1] WARN  com.proxy.crypto.NoneCipher - NoneCipher initialized — data will NOT be encrypted! Do NOT use in production.
10:30:46.358 [pool-8-thread-1] DEBUG c.p.remote.dispatch.DispatchInvoker - Handle DATA (stub): dataLength=20
10:30:46.359 [nioEventLoopGroup-40-1] DEBUG c.p.exchange.header.DefaultFuture - Request completed: requestId=25, status=200, elapsed=3ms
10:30:46.360 [main] INFO  c.p.t.netty.pool.ConnectionPool - Closing HTTP/2 connection pool, active connections: 1
10:30:46.360 [main] INFO  c.p.t.n.pool.Http2PooledConnection - Closed HTTP/2 connection: [id: 0xac85b0e3, L:/127.0.0.1:52042 - R:/127.0.0.1:52041]
10:30:46.360 [nioEventLoopGroup-40-1] DEBUG c.p.t.netty.pool.ConnectionPool - HTTP/2 stream closed, active streams: 0, notified waiting threads
10:30:46.360 [nioEventLoopGroup-40-1] DEBUG c.proxy.transport.netty.NettyClient - Stream 2 closed and removed from mapping
10:30:46.360 [nioEventLoopGroup-40-1] DEBUG c.p.t.n.handler.ClientMessageHandler - HTTP/2 stream channel inactive: [id: 0xac85b0e3, L:/127.0.0.1:52042 ! R:/127.0.0.1:52041](H2 - 3)
10:30:46.360 [nioEventLoopGroup-40-1] WARN  c.p.exchange.header.ExchangeHandler - Connection disconnected, failing all pending futures
10:30:46.360 [nioEventLoopGroup-39-1] DEBUG c.p.t.n.handler.ServerChannelHandler - Server channel inactive: /127.0.0.1:52042
10:30:46.360 [nioEventLoopGroup-39-1] DEBUG c.proxy.transport.netty.NettyServer - Client disconnected: /127.0.0.1:52042, active connections: 0
10:30:46.362 [main] INFO  c.p.t.netty.pool.ConnectionPool - HTTP/2 connection pool closed
10:30:46.362 [main] INFO  c.proxy.transport.netty.NettyClient - NettyClient closed, all streams released
10:30:46.362 [main] INFO  c.p.e.header.HeaderExchangeClient - HeaderExchangeClient closed
10:30:46.362 [main] INFO  c.proxy.transport.netty.NettyServer - Shutting down NettyServer on 127.0.0.1:52041
10:30:46.362 [main] INFO  c.proxy.transport.netty.NettyServer - NettyServer shut down successfully
]]></system-out>
  </testcase>
  <testcase name="testThreadPoolExhaustion" classname="com.proxy.remote.integration.ClientServerIntegrationTest" time="0.012">
    <system-out><![CDATA[10:30:46.364 [main] DEBUG com.proxy.common.spi.ExtensionLoader - Loaded 1 extension classes for type: com.proxy.common.exchange.Exchanger: [header]
10:30:46.364 [main] DEBUG com.proxy.common.spi.ExtensionLoader - Loaded 1 extension classes for type: com.proxy.common.transport.Transporter: [netty]
10:30:46.365 [main] INFO  c.proxy.transport.netty.NettyServer - NettyServer started on 127.0.0.1:52043 (bossThreads=1, workerThreads=2, maxStreams=100, backlog=128)
10:30:46.365 [main] INFO  c.p.transport.netty.NettyTransporter - NettyServer started on 127.0.0.1:52043
10:30:46.365 [main] INFO  c.p.exchange.header.HeaderExchanger - HeaderExchanger bound ExchangeServer on 127.0.0.1:52043
10:30:46.366 [main] INFO  c.p.t.netty.pool.ConnectionPool - Created new HTTP/2 connection to 127.0.0.1:52043, pool size: 1
10:30:46.366 [main] INFO  c.proxy.transport.netty.NettyClient - NettyClient connected to 127.0.0.1:52043 via HTTP/2
10:30:46.366 [main] INFO  c.p.transport.netty.NettyTransporter - Created NettyClient to 127.0.0.1:52043
10:30:46.366 [main] INFO  c.p.exchange.header.HeaderExchanger - HeaderExchanger created ExchangeClient to 127.0.0.1:52043
10:30:46.366 [nioEventLoopGroup-42-1] DEBUG c.proxy.transport.netty.NettyServer - Client connected: /127.0.0.1:52044, active connections: 1
10:30:46.367 [main] INFO  c.proxy.transport.netty.NettyServer - NettyServer started on 127.0.0.1:52045 (bossThreads=1, workerThreads=CPU×2, maxStreams=100, backlog=1024)
10:30:46.367 [main] INFO  c.p.transport.netty.NettyTransporter - NettyServer started on 127.0.0.1:52045
10:30:46.367 [main] INFO  c.p.exchange.header.HeaderExchanger - HeaderExchanger bound ExchangeServer on 127.0.0.1:52045
10:30:46.369 [main] INFO  c.p.t.netty.pool.ConnectionPool - Created new HTTP/2 connection to 127.0.0.1:52045, pool size: 1
10:30:46.369 [main] INFO  c.proxy.transport.netty.NettyClient - NettyClient connected to 127.0.0.1:52045 via HTTP/2
10:30:46.369 [main] INFO  c.p.transport.netty.NettyTransporter - Created NettyClient to 127.0.0.1:52045
10:30:46.369 [main] INFO  c.p.exchange.header.HeaderExchanger - HeaderExchanger created ExchangeClient to 127.0.0.1:52045
10:30:46.369 [nioEventLoopGroup-45-1] DEBUG c.proxy.transport.netty.NettyServer - Client connected: /127.0.0.1:52046, active connections: 1
10:30:46.369 [nioEventLoopGroup-46-1] DEBUG com.proxy.common.spi.ExtensionLoader - Loaded 4 extension classes for type: com.proxy.common.crypto.Cipher: [aes-gcm, chacha20, aes-ctr-hmac, none]
10:30:46.369 [nioEventLoopGroup-46-1] WARN  com.proxy.crypto.NoneCipher - NoneCipher initialized — data will NOT be encrypted! Do NOT use in production.
10:30:46.370 [nioEventLoopGroup-46-1] DEBUG com.proxy.common.spi.ExtensionLoader - Loaded 1 extension classes for type: com.proxy.common.codec.Codec: [proxy]
10:30:46.370 [main] DEBUG c.p.t.netty.pool.ConnectionPool - Opened HTTP/2 stream on connection [id: 0x181df848, L:/127.0.0.1:52046 - R:/127.0.0.1:52045], active streams: 1
10:30:46.370 [main] DEBUG c.proxy.transport.netty.NettyClient - Created HTTP/2 stream for streamId=999
10:30:46.371 [nioEventLoopGroup-45-1] WARN  com.proxy.crypto.NoneCipher - NoneCipher initialized — data will NOT be encrypted! Do NOT use in production.
10:30:46.371 [nioEventLoopGroup-45-1] WARN  c.p.remote.dispatch.DispatchInvoker - Business thread pool is full, rejecting request: type=DATA
10:30:46.372 [nioEventLoopGroup-46-1] DEBUG c.p.exchange.header.DefaultFuture - Request completed: requestId=26, status=500, elapsed=3ms
10:30:46.372 [main] INFO  c.p.t.netty.pool.ConnectionPool - Closing HTTP/2 connection pool, active connections: 1
10:30:46.372 [main] INFO  c.p.t.n.pool.Http2PooledConnection - Closed HTTP/2 connection: [id: 0x181df848, L:/127.0.0.1:52046 - R:/127.0.0.1:52045]
10:30:46.372 [nioEventLoopGroup-46-1] DEBUG c.p.t.netty.pool.ConnectionPool - HTTP/2 stream closed, active streams: 0, notified waiting threads
10:30:46.372 [nioEventLoopGroup-46-1] DEBUG c.proxy.transport.netty.NettyClient - Stream 999 closed and removed from mapping
10:30:46.372 [nioEventLoopGroup-45-1] DEBUG c.p.t.n.handler.ServerChannelHandler - Server channel inactive: /127.0.0.1:52046
10:30:46.372 [nioEventLoopGroup-46-1] DEBUG c.p.t.n.handler.ClientMessageHandler - HTTP/2 stream channel inactive: [id: 0x181df848, L:/127.0.0.1:52046 ! R:/127.0.0.1:52045](H2 - 3)
10:30:46.372 [nioEventLoopGroup-46-1] WARN  c.p.exchange.header.ExchangeHandler - Connection disconnected, failing all pending futures
10:30:46.372 [nioEventLoopGroup-45-1] DEBUG c.proxy.transport.netty.NettyServer - Client disconnected: /127.0.0.1:52046, active connections: 0
10:30:46.372 [main] INFO  c.p.t.netty.pool.ConnectionPool - HTTP/2 connection pool closed
10:30:46.372 [main] INFO  c.proxy.transport.netty.NettyClient - NettyClient closed, all streams released
10:30:46.372 [main] INFO  c.p.e.header.HeaderExchangeClient - HeaderExchangeClient closed
10:30:46.372 [main] INFO  c.proxy.transport.netty.NettyServer - Shutting down NettyServer on 127.0.0.1:52045
10:30:46.373 [main] INFO  c.proxy.transport.netty.NettyServer - NettyServer shut down successfully
10:30:46.374 [main] INFO  c.p.t.netty.pool.ConnectionPool - Closing HTTP/2 connection pool, active connections: 1
10:30:46.374 [main] INFO  c.p.t.n.pool.Http2PooledConnection - Closed HTTP/2 connection: [id: 0x5f2840f0, L:/127.0.0.1:52044 - R:/127.0.0.1:52043]
10:30:46.374 [nioEventLoopGroup-42-1] DEBUG c.proxy.transport.netty.NettyServer - Client disconnected: /127.0.0.1:52044, active connections: 0
10:30:46.374 [main] INFO  c.p.t.netty.pool.ConnectionPool - HTTP/2 connection pool closed
10:30:46.374 [main] INFO  c.proxy.transport.netty.NettyClient - NettyClient closed, all streams released
10:30:46.374 [main] INFO  c.p.e.header.HeaderExchangeClient - HeaderExchangeClient closed
10:30:46.374 [main] INFO  c.proxy.transport.netty.NettyServer - Shutting down NettyServer on 127.0.0.1:52043
10:30:46.375 [main] INFO  c.proxy.transport.netty.NettyServer - NettyServer shut down successfully
]]></system-out>
  </testcase>
  <testcase name="testHeartbeatDoesNotInterfere" classname="com.proxy.remote.integration.ClientServerIntegrationTest" time="0.008">
    <system-out><![CDATA[10:30:46.376 [main] DEBUG com.proxy.common.spi.ExtensionLoader - Loaded 1 extension classes for type: com.proxy.common.exchange.Exchanger: [header]
10:30:46.376 [main] DEBUG com.proxy.common.spi.ExtensionLoader - Loaded 1 extension classes for type: com.proxy.common.transport.Transporter: [netty]
10:30:46.377 [main] INFO  c.proxy.transport.netty.NettyServer - NettyServer started on 127.0.0.1:52048 (bossThreads=1, workerThreads=2, maxStreams=100, backlog=128)
10:30:46.377 [main] INFO  c.p.transport.netty.NettyTransporter - NettyServer started on 127.0.0.1:52048
10:30:46.377 [main] INFO  c.p.exchange.header.HeaderExchanger - HeaderExchanger bound ExchangeServer on 127.0.0.1:52048
10:30:46.378 [main] INFO  c.p.t.netty.pool.ConnectionPool - Created new HTTP/2 connection to 127.0.0.1:52048, pool size: 1
10:30:46.378 [main] INFO  c.proxy.transport.netty.NettyClient - NettyClient connected to 127.0.0.1:52048 via HTTP/2
10:30:46.378 [main] INFO  c.p.transport.netty.NettyTransporter - Created NettyClient to 127.0.0.1:52048
10:30:46.378 [main] INFO  c.p.exchange.header.HeaderExchanger - HeaderExchanger created ExchangeClient to 127.0.0.1:52048
10:30:46.379 [nioEventLoopGroup-48-1] DEBUG c.proxy.transport.netty.NettyServer - Client connected: /127.0.0.1:52049, active connections: 1
10:30:46.379 [nioEventLoopGroup-49-1] DEBUG com.proxy.common.spi.ExtensionLoader - Loaded 4 extension classes for type: com.proxy.common.crypto.Cipher: [aes-gcm, chacha20, aes-ctr-hmac, none]
10:30:46.379 [nioEventLoopGroup-49-1] WARN  com.proxy.crypto.NoneCipher - NoneCipher initialized — data will NOT be encrypted! Do NOT use in production.
10:30:46.379 [nioEventLoopGroup-49-1] DEBUG com.proxy.common.spi.ExtensionLoader - Loaded 1 extension classes for type: com.proxy.common.codec.Codec: [proxy]
10:30:46.379 [main] DEBUG c.p.t.netty.pool.ConnectionPool - Opened HTTP/2 stream on connection [id: 0x67c41c4c, L:/127.0.0.1:52049 - R:/127.0.0.1:52048], active streams: 1
10:30:46.379 [main] DEBUG c.proxy.transport.netty.NettyClient - Created HTTP/2 stream for streamId=4
10:30:46.380 [nioEventLoopGroup-48-1] WARN  com.proxy.crypto.NoneCipher - NoneCipher initialized — data will NOT be encrypted! Do NOT use in production.
10:30:46.380 [pool-11-thread-1] DEBUG c.p.remote.dispatch.DispatchInvoker - Handle DATA (stub): dataLength=20
10:30:46.381 [nioEventLoopGroup-49-1] DEBUG c.p.exchange.header.DefaultFuture - Request completed: requestId=27, status=200, elapsed=3ms
10:30:46.382 [main] INFO  c.p.t.netty.pool.ConnectionPool - Closing HTTP/2 connection pool, active connections: 1
10:30:46.382 [main] INFO  c.p.t.n.pool.Http2PooledConnection - Closed HTTP/2 connection: [id: 0x67c41c4c, L:/127.0.0.1:52049 - R:/127.0.0.1:52048]
10:30:46.382 [nioEventLoopGroup-49-1] DEBUG c.p.t.netty.pool.ConnectionPool - HTTP/2 stream closed, active streams: 0, notified waiting threads
10:30:46.382 [nioEventLoopGroup-49-1] DEBUG c.proxy.transport.netty.NettyClient - Stream 4 closed and removed from mapping
10:30:46.382 [nioEventLoopGroup-49-1] DEBUG c.p.t.n.handler.ClientMessageHandler - HTTP/2 stream channel inactive: [id: 0x67c41c4c, L:/127.0.0.1:52049 ! R:/127.0.0.1:52048](H2 - 3)
10:30:46.382 [nioEventLoopGroup-49-1] WARN  c.p.exchange.header.ExchangeHandler - Connection disconnected, failing all pending futures
10:30:46.382 [nioEventLoopGroup-48-1] DEBUG c.p.t.n.handler.ServerChannelHandler - Server channel inactive: /127.0.0.1:52049
10:30:46.382 [nioEventLoopGroup-48-1] DEBUG c.proxy.transport.netty.NettyServer - Client disconnected: /127.0.0.1:52049, active connections: 0
10:30:46.382 [main] INFO  c.p.t.netty.pool.ConnectionPool - HTTP/2 connection pool closed
10:30:46.382 [main] INFO  c.proxy.transport.netty.NettyClient - NettyClient closed, all streams released
10:30:46.382 [main] INFO  c.p.e.header.HeaderExchangeClient - HeaderExchangeClient closed
10:30:46.382 [main] INFO  c.proxy.transport.netty.NettyServer - Shutting down NettyServer on 127.0.0.1:52048
10:30:46.383 [main] INFO  c.proxy.transport.netty.NettyServer - NettyServer shut down successfully
]]></system-out>
  </testcase>
  <testcase name="testConcurrentRequests" classname="com.proxy.remote.integration.ClientServerIntegrationTest" time="0.067">
    <system-out><![CDATA[10:30:46.384 [main] DEBUG com.proxy.common.spi.ExtensionLoader - Loaded 1 extension classes for type: com.proxy.common.exchange.Exchanger: [header]
10:30:46.384 [main] DEBUG com.proxy.common.spi.ExtensionLoader - Loaded 1 extension classes for type: com.proxy.common.transport.Transporter: [netty]
10:30:46.385 [main] INFO  c.proxy.transport.netty.NettyServer - NettyServer started on 127.0.0.1:52050 (bossThreads=1, workerThreads=2, maxStreams=100, backlog=128)
10:30:46.385 [main] INFO  c.p.transport.netty.NettyTransporter - NettyServer started on 127.0.0.1:52050
10:30:46.385 [main] INFO  c.p.exchange.header.HeaderExchanger - HeaderExchanger bound ExchangeServer on 127.0.0.1:52050
10:30:46.386 [main] INFO  c.p.t.netty.pool.ConnectionPool - Created new HTTP/2 connection to 127.0.0.1:52050, pool size: 1
10:30:46.386 [main] INFO  c.proxy.transport.netty.NettyClient - NettyClient connected to 127.0.0.1:52050 via HTTP/2
10:30:46.386 [main] INFO  c.p.transport.netty.NettyTransporter - Created NettyClient to 127.0.0.1:52050
10:30:46.386 [main] INFO  c.p.exchange.header.HeaderExchanger - HeaderExchanger created ExchangeClient to 127.0.0.1:52050
10:30:46.386 [nioEventLoopGroup-51-1] DEBUG c.proxy.transport.netty.NettyServer - Client connected: /127.0.0.1:52051, active connections: 1
10:30:46.388 [nioEventLoopGroup-52-1] DEBUG com.proxy.common.spi.ExtensionLoader - Loaded 4 extension classes for type: com.proxy.common.crypto.Cipher: [aes-gcm, chacha20, aes-ctr-hmac, none]
10:30:46.388 [nioEventLoopGroup-52-1] WARN  com.proxy.crypto.NoneCipher - NoneCipher initialized — data will NOT be encrypted! Do NOT use in production.
10:30:46.389 [nioEventLoopGroup-52-1] DEBUG com.proxy.common.spi.ExtensionLoader - Loaded 1 extension classes for type: com.proxy.common.codec.Codec: [proxy]
10:30:46.389 [pool-13-thread-5] DEBUG c.p.t.netty.pool.ConnectionPool - Opened HTTP/2 stream on connection [id: 0x162a27a3, L:/127.0.0.1:52051 - R:/127.0.0.1:52050], active streams: 1
10:30:46.389 [pool-13-thread-5] DEBUG c.proxy.transport.netty.NettyClient - Created HTTP/2 stream for streamId=104
10:30:46.389 [nioEventLoopGroup-52-1] WARN  com.proxy.crypto.NoneCipher - NoneCipher initialized — data will NOT be encrypted! Do NOT use in production.
10:30:46.389 [pool-13-thread-19] DEBUG c.p.t.netty.pool.ConnectionPool - Opened HTTP/2 stream on connection [id: 0x162a27a3, L:/127.0.0.1:52051 - R:/127.0.0.1:52050], active streams: 2
10:30:46.389 [pool-13-thread-19] DEBUG c.proxy.transport.netty.NettyClient - Created HTTP/2 stream for streamId=118
10:30:46.390 [nioEventLoopGroup-51-1] WARN  com.proxy.crypto.NoneCipher - NoneCipher initialized — data will NOT be encrypted! Do NOT use in production.
10:30:46.390 [nioEventLoopGroup-52-1] WARN  com.proxy.crypto.NoneCipher - NoneCipher initialized — data will NOT be encrypted! Do NOT use in production.
10:30:46.390 [pool-13-thread-20] DEBUG c.p.t.netty.pool.ConnectionPool - Opened HTTP/2 stream on connection [id: 0x162a27a3, L:/127.0.0.1:52051 - R:/127.0.0.1:52050], active streams: 3
10:30:46.390 [pool-13-thread-20] DEBUG c.proxy.transport.netty.NettyClient - Created HTTP/2 stream for streamId=119
10:30:46.390 [pool-12-thread-1] DEBUG c.p.remote.dispatch.DispatchInvoker - Handle DATA (stub): dataLength=6
10:30:46.390 [nioEventLoopGroup-51-1] WARN  com.proxy.crypto.NoneCipher - NoneCipher initialized — data will NOT be encrypted! Do NOT use in production.
10:30:46.390 [nioEventLoopGroup-52-1] WARN  com.proxy.crypto.NoneCipher - NoneCipher initialized — data will NOT be encrypted! Do NOT use in production.
10:30:46.390 [pool-13-thread-18] DEBUG c.p.t.netty.pool.ConnectionPool - Opened HTTP/2 stream on connection [id: 0x162a27a3, L:/127.0.0.1:52051 - R:/127.0.0.1:52050], active streams: 4
10:30:46.390 [pool-13-thread-18] DEBUG c.proxy.transport.netty.NettyClient - Created HTTP/2 stream for streamId=117
10:30:46.390 [pool-12-thread-2] DEBUG c.p.remote.dispatch.DispatchInvoker - Handle DATA (stub): dataLength=7
10:30:46.391 [nioEventLoopGroup-52-1] WARN  com.proxy.crypto.NoneCipher - NoneCipher initialized — data will NOT be encrypted! Do NOT use in production.
10:30:46.391 [pool-13-thread-17] DEBUG c.p.t.netty.pool.ConnectionPool - Opened HTTP/2 stream on connection [id: 0x162a27a3, L:/127.0.0.1:52051 - R:/127.0.0.1:52050], active streams: 5
10:30:46.391 [pool-13-thread-17] DEBUG c.proxy.transport.netty.NettyClient - Created HTTP/2 stream for streamId=116
10:30:46.391 [nioEventLoopGroup-51-1] WARN  com.proxy.crypto.NoneCipher - NoneCipher initialized — data will NOT be encrypted! Do NOT use in production.
10:30:46.391 [nioEventLoopGroup-52-1] DEBUG c.p.exchange.header.DefaultFuture - Request completed: requestId=29, status=200, elapsed=3ms
10:30:46.391 [pool-12-thread-3] DEBUG c.p.remote.dispatch.DispatchInvoker - Handle DATA (stub): dataLength=7
10:30:46.391 [nioEventLoopGroup-51-1] WARN  com.proxy.crypto.NoneCipher - NoneCipher initialized — data will NOT be encrypted! Do NOT use in production.
10:30:46.391 [nioEventLoopGroup-52-1] WARN  com.proxy.crypto.NoneCipher - NoneCipher initialized — data will NOT be encrypted! Do NOT use in production.
10:30:46.391 [pool-13-thread-16] DEBUG c.p.t.netty.pool.ConnectionPool - Opened HTTP/2 stream on connection [id: 0x162a27a3, L:/127.0.0.1:52051 - R:/127.0.0.1:52050], active streams: 6
10:30:46.391 [pool-13-thread-16] DEBUG c.proxy.transport.netty.NettyClient - Created HTTP/2 stream for streamId=115
10:30:46.391 [pool-12-thread-4] DEBUG c.p.remote.dispatch.DispatchInvoker - Handle DATA (stub): dataLength=7
10:30:46.391 [nioEventLoopGroup-52-1] DEBUG c.p.exchange.header.DefaultFuture - Request completed: requestId=47, status=200, elapsed=3ms
10:30:46.392 [nioEventLoopGroup-51-1] WARN  com.proxy.crypto.NoneCipher - NoneCipher initialized — data will NOT be encrypted! Do NOT use in production.
10:30:46.392 [pool-12-thread-5] DEBUG c.p.remote.dispatch.DispatchInvoker - Handle DATA (stub): dataLength=7
10:30:46.393 [nioEventLoopGroup-52-1] WARN  com.proxy.crypto.NoneCipher - NoneCipher initialized — data will NOT be encrypted! Do NOT use in production.
10:30:46.394 [pool-13-thread-15] DEBUG c.p.t.netty.pool.ConnectionPool - Opened HTTP/2 stream on connection [id: 0x162a27a3, L:/127.0.0.1:52051 - R:/127.0.0.1:52050], active streams: 7
10:30:46.394 [pool-13-thread-15] DEBUG c.proxy.transport.netty.NettyClient - Created HTTP/2 stream for streamId=114
10:30:46.394 [nioEventLoopGroup-51-1] WARN  com.proxy.crypto.NoneCipher - NoneCipher initialized — data will NOT be encrypted! Do NOT use in production.
10:30:46.394 [nioEventLoopGroup-52-1] DEBUG c.p.exchange.header.DefaultFuture - Request completed: requestId=46, status=200, elapsed=6ms
10:30:46.394 [nioEventLoopGroup-52-1] DEBUG c.p.exchange.header.DefaultFuture - Request completed: requestId=45, status=200, elapsed=6ms
10:30:46.394 [pool-12-thread-6] DEBUG c.p.remote.dispatch.DispatchInvoker - Handle DATA (stub): dataLength=7
10:30:46.394 [nioEventLoopGroup-52-1] DEBUG c.p.exchange.header.DefaultFuture - Request completed: requestId=44, status=200, elapsed=6ms
10:30:46.394 [nioEventLoopGroup-52-1] WARN  com.proxy.crypto.NoneCipher - NoneCipher initialized — data will NOT be encrypted! Do NOT use in production.
10:30:46.394 [pool-13-thread-14] DEBUG c.p.t.netty.pool.ConnectionPool - Opened HTTP/2 stream on connection [id: 0x162a27a3, L:/127.0.0.1:52051 - R:/127.0.0.1:52050], active streams: 8
10:30:46.395 [pool-13-thread-14] DEBUG c.proxy.transport.netty.NettyClient - Created HTTP/2 stream for streamId=113
10:30:46.395 [nioEventLoopGroup-52-1] DEBUG c.p.exchange.header.DefaultFuture - Request completed: requestId=43, status=200, elapsed=7ms
10:30:46.395 [nioEventLoopGroup-51-1] WARN  com.proxy.crypto.NoneCipher - NoneCipher initialized — data will NOT be encrypted! Do NOT use in production.
10:30:46.395 [pool-12-thread-7] DEBUG c.p.remote.dispatch.DispatchInvoker - Handle DATA (stub): dataLength=7
10:30:46.395 [nioEventLoopGroup-52-1] WARN  com.proxy.crypto.NoneCipher - NoneCipher initialized — data will NOT be encrypted! Do NOT use in production.
10:30:46.395 [pool-13-thread-13] DEBUG c.p.t.netty.pool.ConnectionPool - Opened HTTP/2 stream on connection [id: 0x162a27a3, L:/127.0.0.1:52051 - R:/127.0.0.1:52050], active streams: 9
10:30:46.395 [pool-13-thread-13] DEBUG c.proxy.transport.netty.NettyClient - Created HTTP/2 stream for streamId=112
10:30:46.395 [nioEventLoopGroup-52-1] WARN  com.proxy.crypto.NoneCipher - NoneCipher initialized — data will NOT be encrypted! Do NOT use in production.
10:30:46.395 [pool-13-thread-12] DEBUG c.p.t.netty.pool.ConnectionPool - Opened HTTP/2 stream on connection [id: 0x162a27a3, L:/127.0.0.1:52051 - R:/127.0.0.1:52050], active streams: 10
10:30:46.395 [pool-13-thread-12] DEBUG c.proxy.transport.netty.NettyClient - Created HTTP/2 stream for streamId=111
10:30:46.395 [nioEventLoopGroup-51-1] WARN  com.proxy.crypto.NoneCipher - NoneCipher initialized — data will NOT be encrypted! Do NOT use in production.
10:30:46.395 [nioEventLoopGroup-52-1] DEBUG c.p.exchange.header.DefaultFuture - Request completed: requestId=42, status=200, elapsed=7ms
10:30:46.396 [pool-12-thread-8] DEBUG c.p.remote.dispatch.DispatchInvoker - Handle DATA (stub): dataLength=7
10:30:46.396 [nioEventLoopGroup-51-1] WARN  com.proxy.crypto.NoneCipher - NoneCipher initialized — data will NOT be encrypted! Do NOT use in production.
10:30:46.396 [nioEventLoopGroup-52-1] WARN  com.proxy.crypto.NoneCipher - NoneCipher initialized — data will NOT be encrypted! Do NOT use in production.
10:30:46.396 [pool-13-thread-11] DEBUG c.p.t.netty.pool.ConnectionPool - Opened HTTP/2 stream on connection [id: 0x162a27a3, L:/127.0.0.1:52051 - R:/127.0.0.1:52050], active streams: 11
10:30:46.396 [pool-13-thread-11] DEBUG c.proxy.transport.netty.NettyClient - Created HTTP/2 stream for streamId=110
10:30:46.396 [pool-12-thread-9] DEBUG c.p.remote.dispatch.DispatchInvoker - Handle DATA (stub): dataLength=7
10:30:46.396 [nioEventLoopGroup-52-1] WARN  com.proxy.crypto.NoneCipher - NoneCipher initialized — data will NOT be encrypted! Do NOT use in production.
10:30:46.396 [pool-13-thread-10] DEBUG c.p.t.netty.pool.ConnectionPool - Opened HTTP/2 stream on connection [id: 0x162a27a3, L:/127.0.0.1:52051 - R:/127.0.0.1:52050], active streams: 12
10:30:46.396 [pool-13-thread-10] DEBUG c.proxy.transport.netty.NettyClient - Created HTTP/2 stream for streamId=109
10:30:46.397 [nioEventLoopGroup-52-1] WARN  com.proxy.crypto.NoneCipher - NoneCipher initialized — data will NOT be encrypted! Do NOT use in production.
10:30:46.397 [nioEventLoopGroup-51-1] WARN  com.proxy.crypto.NoneCipher - NoneCipher initialized — data will NOT be encrypted! Do NOT use in production.
10:30:46.397 [pool-13-thread-9] DEBUG c.p.t.netty.pool.ConnectionPool - Opened HTTP/2 stream on connection [id: 0x162a27a3, L:/127.0.0.1:52051 - R:/127.0.0.1:52050], active streams: 13
10:30:46.397 [pool-13-thread-9] DEBUG c.proxy.transport.netty.NettyClient - Created HTTP/2 stream for streamId=108
10:30:46.397 [nioEventLoopGroup-52-1] DEBUG c.p.exchange.header.DefaultFuture - Request completed: requestId=41, status=200, elapsed=9ms
10:30:46.397 [pool-12-thread-10] DEBUG c.p.remote.dispatch.DispatchInvoker - Handle DATA (stub): dataLength=7
10:30:46.397 [nioEventLoopGroup-51-1] WARN  com.proxy.crypto.NoneCipher - NoneCipher initialized — data will NOT be encrypted! Do NOT use in production.
10:30:46.397 [nioEventLoopGroup-52-1] DEBUG c.p.exchange.header.DefaultFuture - Request completed: requestId=40, status=200, elapsed=9ms
10:30:46.397 [pool-12-thread-1] DEBUG c.p.remote.dispatch.DispatchInvoker - Handle DATA (stub): dataLength=7
10:30:46.398 [nioEventLoopGroup-52-1] WARN  com.proxy.crypto.NoneCipher - NoneCipher initialized — data will NOT be encrypted! Do NOT use in production.
10:30:46.398 [pool-13-thread-8] DEBUG c.p.t.netty.pool.ConnectionPool - Opened HTTP/2 stream on connection [id: 0x162a27a3, L:/127.0.0.1:52051 - R:/127.0.0.1:52050], active streams: 14
10:30:46.398 [pool-13-thread-8] DEBUG c.proxy.transport.netty.NettyClient - Created HTTP/2 stream for streamId=107
10:30:46.398 [nioEventLoopGroup-52-1] DEBUG c.p.exchange.header.DefaultFuture - Request completed: requestId=39, status=200, elapsed=10ms
10:30:46.398 [nioEventLoopGroup-51-1] WARN  com.proxy.crypto.NoneCipher - NoneCipher initialized — data will NOT be encrypted! Do NOT use in production.
10:30:46.398 [pool-12-thread-2] DEBUG c.p.remote.dispatch.DispatchInvoker - Handle DATA (stub): dataLength=6
10:30:46.398 [nioEventLoopGroup-51-1] WARN  com.proxy.crypto.NoneCipher - NoneCipher initialized — data will NOT be encrypted! Do NOT use in production.
10:30:46.398 [nioEventLoopGroup-52-1] WARN  com.proxy.crypto.NoneCipher - NoneCipher initialized — data will NOT be encrypted! Do NOT use in production.
10:30:46.398 [pool-13-thread-7] DEBUG c.p.t.netty.pool.ConnectionPool - Opened HTTP/2 stream on connection [id: 0x162a27a3, L:/127.0.0.1:52051 - R:/127.0.0.1:52050], active streams: 15
10:30:46.398 [pool-13-thread-7] DEBUG c.proxy.transport.netty.NettyClient - Created HTTP/2 stream for streamId=106
10:30:46.398 [pool-12-thread-3] DEBUG c.p.remote.dispatch.DispatchInvoker - Handle DATA (stub): dataLength=6
10:30:46.398 [nioEventLoopGroup-52-1] DEBUG c.p.exchange.header.DefaultFuture - Request completed: requestId=38, status=200, elapsed=10ms
10:30:46.399 [nioEventLoopGroup-52-1] WARN  com.proxy.crypto.NoneCipher - NoneCipher initialized — data will NOT be encrypted! Do NOT use in production.
10:30:46.399 [pool-13-thread-1] DEBUG c.p.t.netty.pool.ConnectionPool - Opened HTTP/2 stream on connection [id: 0x162a27a3, L:/127.0.0.1:52051 - R:/127.0.0.1:52050], active streams: 16
10:30:46.399 [pool-13-thread-1] DEBUG c.proxy.transport.netty.NettyClient - Created HTTP/2 stream for streamId=100
10:30:46.399 [nioEventLoopGroup-52-1] DEBUG c.p.exchange.header.DefaultFuture - Request completed: requestId=37, status=200, elapsed=11ms
10:30:46.399 [nioEventLoopGroup-51-1] WARN  com.proxy.crypto.NoneCipher - NoneCipher initialized — data will NOT be encrypted! Do NOT use in production.
10:30:46.399 [pool-12-thread-4] DEBUG c.p.remote.dispatch.DispatchInvoker - Handle DATA (stub): dataLength=6
10:30:46.399 [nioEventLoopGroup-51-1] WARN  com.proxy.crypto.NoneCipher - NoneCipher initialized — data will NOT be encrypted! Do NOT use in production.
10:30:46.399 [pool-12-thread-5] DEBUG c.p.remote.dispatch.DispatchInvoker - Handle DATA (stub): dataLength=6
10:30:46.399 [nioEventLoopGroup-52-1] WARN  com.proxy.crypto.NoneCipher - NoneCipher initialized — data will NOT be encrypted! Do NOT use in production.
10:30:46.399 [pool-13-thread-3] DEBUG c.p.t.netty.pool.ConnectionPool - Opened HTTP/2 stream on connection [id: 0x162a27a3, L:/127.0.0.1:52051 - R:/127.0.0.1:52050], active streams: 17
10:30:46.399 [pool-13-thread-3] DEBUG c.proxy.transport.netty.NettyClient - Created HTTP/2 stream for streamId=102
10:30:46.399 [nioEventLoopGroup-52-1] DEBUG c.p.exchange.header.DefaultFuture - Request completed: requestId=36, status=200, elapsed=11ms
10:30:46.400 [nioEventLoopGroup-52-1] WARN  com.proxy.crypto.NoneCipher - NoneCipher initialized — data will NOT be encrypted! Do NOT use in production.
10:30:46.400 [pool-13-thread-6] DEBUG c.p.t.netty.pool.ConnectionPool - Opened HTTP/2 stream on connection [id: 0x162a27a3, L:/127.0.0.1:52051 - R:/127.0.0.1:52050], active streams: 18
10:30:46.400 [pool-13-thread-6] DEBUG c.proxy.transport.netty.NettyClient - Created HTTP/2 stream for streamId=105
10:30:46.400 [nioEventLoopGroup-51-1] WARN  com.proxy.crypto.NoneCipher - NoneCipher initialized — data will NOT be encrypted! Do NOT use in production.
10:30:46.400 [nioEventLoopGroup-52-1] DEBUG c.p.exchange.header.DefaultFuture - Request completed: requestId=35, status=200, elapsed=12ms
10:30:46.400 [pool-12-thread-6] DEBUG c.p.remote.dispatch.DispatchInvoker - Handle DATA (stub): dataLength=6
10:30:46.400 [nioEventLoopGroup-52-1] DEBUG c.p.exchange.header.DefaultFuture - Request completed: requestId=34, status=200, elapsed=12ms
10:30:46.400 [nioEventLoopGroup-51-1] WARN  com.proxy.crypto.NoneCipher - NoneCipher initialized — data will NOT be encrypted! Do NOT use in production.
10:30:46.400 [pool-12-thread-7] DEBUG c.p.remote.dispatch.DispatchInvoker - Handle DATA (stub): dataLength=6
10:30:46.400 [nioEventLoopGroup-52-1] WARN  com.proxy.crypto.NoneCipher - NoneCipher initialized — data will NOT be encrypted! Do NOT use in production.
10:30:46.400 [pool-13-thread-4] DEBUG c.p.t.netty.pool.ConnectionPool - Opened HTTP/2 stream on connection [id: 0x162a27a3, L:/127.0.0.1:52051 - R:/127.0.0.1:52050], active streams: 19
10:30:46.400 [pool-13-thread-4] DEBUG c.proxy.transport.netty.NettyClient - Created HTTP/2 stream for streamId=103
10:30:46.400 [nioEventLoopGroup-52-1] DEBUG c.p.exchange.header.DefaultFuture - Request completed: requestId=28, status=200, elapsed=12ms
10:30:46.401 [nioEventLoopGroup-51-1] WARN  com.proxy.crypto.NoneCipher - NoneCipher initialized — data will NOT be encrypted! Do NOT use in production.
10:30:46.401 [nioEventLoopGroup-52-1] WARN  com.proxy.crypto.NoneCipher - NoneCipher initialized — data will NOT be encrypted! Do NOT use in production.
10:30:46.401 [pool-12-thread-8] DEBUG c.p.remote.dispatch.DispatchInvoker - Handle DATA (stub): dataLength=6
10:30:46.401 [nioEventLoopGroup-51-1] WARN  com.proxy.crypto.NoneCipher - NoneCipher initialized — data will NOT be encrypted! Do NOT use in production.
10:30:46.401 [nioEventLoopGroup-52-1] DEBUG c.p.exchange.header.DefaultFuture - Request completed: requestId=33, status=200, elapsed=13ms
10:30:46.401 [pool-13-thread-2] DEBUG c.p.t.netty.pool.ConnectionPool - Opened HTTP/2 stream on connection [id: 0x162a27a3, L:/127.0.0.1:52051 - R:/127.0.0.1:52050], active streams: 20
10:30:46.401 [pool-13-thread-2] DEBUG c.proxy.transport.netty.NettyClient - Created HTTP/2 stream for streamId=101
10:30:46.401 [pool-12-thread-9] DEBUG c.p.remote.dispatch.DispatchInvoker - Handle DATA (stub): dataLength=6
10:30:46.402 [nioEventLoopGroup-52-1] WARN  com.proxy.crypto.NoneCipher - NoneCipher initialized — data will NOT be encrypted! Do NOT use in production.
10:30:46.402 [nioEventLoopGroup-51-1] WARN  com.proxy.crypto.NoneCipher - NoneCipher initialized — data will NOT be encrypted! Do NOT use in production.
10:30:46.402 [pool-13-thread-3] DEBUG c.p.t.netty.pool.ConnectionPool - Opened HTTP/2 stream on connection [id: 0x162a27a3, L:/127.0.0.1:52051 - R:/127.0.0.1:52050], active streams: 21
10:30:46.402 [pool-13-thread-3] DEBUG c.proxy.transport.netty.NettyClient - Created HTTP/2 stream for streamId=136
10:30:46.402 [nioEventLoopGroup-52-1] DEBUG c.p.exchange.header.DefaultFuture - Request completed: requestId=32, status=200, elapsed=14ms
10:30:46.402 [pool-12-thread-10] DEBUG c.p.remote.dispatch.DispatchInvoker - Handle DATA (stub): dataLength=6
10:30:46.402 [nioEventLoopGroup-52-1] DEBUG c.p.exchange.header.DefaultFuture - Request completed: requestId=31, status=200, elapsed=14ms
10:30:46.402 [nioEventLoopGroup-52-1] WARN  com.proxy.crypto.NoneCipher - NoneCipher initialized — data will NOT be encrypted! Do NOT use in production.
10:30:46.402 [nioEventLoopGroup-51-1] WARN  com.proxy.crypto.NoneCipher - NoneCipher initialized — data will NOT be encrypted! Do NOT use in production.
10:30:46.402 [pool-13-thread-1] DEBUG c.p.t.netty.pool.ConnectionPool - Opened HTTP/2 stream on connection [id: 0x162a27a3, L:/127.0.0.1:52051 - R:/127.0.0.1:52050], active streams: 22
10:30:46.402 [pool-13-thread-1] DEBUG c.proxy.transport.netty.NettyClient - Created HTTP/2 stream for streamId=135
10:30:46.402 [nioEventLoopGroup-52-1] DEBUG c.p.exchange.header.DefaultFuture - Request completed: requestId=30, status=200, elapsed=14ms
10:30:46.402 [pool-12-thread-1] DEBUG c.p.remote.dispatch.DispatchInvoker - Handle DATA (stub): dataLength=7
10:30:46.403 [nioEventLoopGroup-52-1] WARN  com.proxy.crypto.NoneCipher - NoneCipher initialized — data will NOT be encrypted! Do NOT use in production.
10:30:46.403 [nioEventLoopGroup-51-1] WARN  com.proxy.crypto.NoneCipher - NoneCipher initialized — data will NOT be encrypted! Do NOT use in production.
10:30:46.403 [pool-13-thread-7] DEBUG c.p.t.netty.pool.ConnectionPool - Opened HTTP/2 stream on connection [id: 0x162a27a3, L:/127.0.0.1:52051 - R:/127.0.0.1:52050], active streams: 23
10:30:46.403 [pool-13-thread-7] DEBUG c.proxy.transport.netty.NettyClient - Created HTTP/2 stream for streamId=134
10:30:46.403 [nioEventLoopGroup-52-1] DEBUG c.p.exchange.header.DefaultFuture - Request completed: requestId=64, status=200, elapsed=2ms
10:30:46.403 [pool-12-thread-2] DEBUG c.p.remote.dispatch.DispatchInvoker - Handle DATA (stub): dataLength=7
10:30:46.403 [nioEventLoopGroup-52-1] WARN  com.proxy.crypto.NoneCipher - NoneCipher initialized — data will NOT be encrypted! Do NOT use in production.
10:30:46.403 [pool-13-thread-8] DEBUG c.p.t.netty.pool.ConnectionPool - Opened HTTP/2 stream on connection [id: 0x162a27a3, L:/127.0.0.1:52051 - R:/127.0.0.1:52050], active streams: 24
10:30:46.403 [nioEventLoopGroup-51-1] WARN  com.proxy.crypto.NoneCipher - NoneCipher initialized — data will NOT be encrypted! Do NOT use in production.
10:30:46.403 [pool-13-thread-8] DEBUG c.proxy.transport.netty.NettyClient - Created HTTP/2 stream for streamId=133
10:30:46.403 [nioEventLoopGroup-52-1] DEBUG c.p.exchange.header.DefaultFuture - Request completed: requestId=63, status=200, elapsed=3ms
10:30:46.403 [pool-12-thread-3] DEBUG c.p.remote.dispatch.DispatchInvoker - Handle DATA (stub): dataLength=7
10:30:46.404 [nioEventLoopGroup-52-1] WARN  com.proxy.crypto.NoneCipher - NoneCipher initialized — data will NOT be encrypted! Do NOT use in production.
10:30:46.404 [pool-13-thread-9] DEBUG c.p.t.netty.pool.ConnectionPool - Opened HTTP/2 stream on connection [id: 0x162a27a3, L:/127.0.0.1:52051 - R:/127.0.0.1:52050], active streams: 25
10:30:46.404 [nioEventLoopGroup-51-1] WARN  com.proxy.crypto.NoneCipher - NoneCipher initialized — data will NOT be encrypted! Do NOT use in production.
10:30:46.404 [pool-13-thread-9] DEBUG c.proxy.transport.netty.NettyClient - Created HTTP/2 stream for streamId=132
10:30:46.404 [nioEventLoopGroup-52-1] DEBUG c.p.exchange.header.DefaultFuture - Request completed: requestId=62, status=200, elapsed=4ms
10:30:46.404 [pool-12-thread-4] DEBUG c.p.remote.dispatch.DispatchInvoker - Handle DATA (stub): dataLength=7
10:30:46.404 [nioEventLoopGroup-52-1] WARN  com.proxy.crypto.NoneCipher - NoneCipher initialized — data will NOT be encrypted! Do NOT use in production.
10:30:46.404 [pool-13-thread-10] DEBUG c.p.t.netty.pool.ConnectionPool - Opened HTTP/2 stream on connection [id: 0x162a27a3, L:/127.0.0.1:52051 - R:/127.0.0.1:52050], active streams: 26
10:30:46.404 [pool-13-thread-10] DEBUG c.proxy.transport.netty.NettyClient - Created HTTP/2 stream for streamId=131
10:30:46.404 [nioEventLoopGroup-51-1] WARN  com.proxy.crypto.NoneCipher - NoneCipher initialized — data will NOT be encrypted! Do NOT use in production.
10:30:46.404 [nioEventLoopGroup-52-1] DEBUG c.p.exchange.header.DefaultFuture - Request completed: requestId=61, status=200, elapsed=4ms
10:30:46.404 [pool-12-thread-5] DEBUG c.p.remote.dispatch.DispatchInvoker - Handle DATA (stub): dataLength=7
10:30:46.405 [nioEventLoopGroup-52-1] WARN  com.proxy.crypto.NoneCipher - NoneCipher initialized — data will NOT be encrypted! Do NOT use in production.
10:30:46.405 [pool-13-thread-11] DEBUG c.p.t.netty.pool.ConnectionPool - Opened HTTP/2 stream on connection [id: 0x162a27a3, L:/127.0.0.1:52051 - R:/127.0.0.1:52050], active streams: 27
10:30:46.405 [pool-13-thread-11] DEBUG c.proxy.transport.netty.NettyClient - Created HTTP/2 stream for streamId=130
10:30:46.405 [nioEventLoopGroup-51-1] WARN  com.proxy.crypto.NoneCipher - NoneCipher initialized — data will NOT be encrypted! Do NOT use in production.
10:30:46.405 [nioEventLoopGroup-52-1] DEBUG c.p.exchange.header.DefaultFuture - Request completed: requestId=60, status=200, elapsed=6ms
10:30:46.405 [pool-12-thread-6] DEBUG c.p.remote.dispatch.DispatchInvoker - Handle DATA (stub): dataLength=7
10:30:46.405 [nioEventLoopGroup-52-1] WARN  com.proxy.crypto.NoneCipher - NoneCipher initialized — data will NOT be encrypted! Do NOT use in production.
10:30:46.405 [pool-13-thread-12] DEBUG c.p.t.netty.pool.ConnectionPool - Opened HTTP/2 stream on connection [id: 0x162a27a3, L:/127.0.0.1:52051 - R:/127.0.0.1:52050], active streams: 28
10:30:46.405 [pool-13-thread-12] DEBUG c.proxy.transport.netty.NettyClient - Created HTTP/2 stream for streamId=129
10:30:46.405 [nioEventLoopGroup-51-1] WARN  com.proxy.crypto.NoneCipher - NoneCipher initialized — data will NOT be encrypted! Do NOT use in production.
10:30:46.405 [nioEventLoopGroup-52-1] DEBUG c.p.exchange.header.DefaultFuture - Request completed: requestId=59, status=200, elapsed=6ms
10:30:46.405 [pool-12-thread-7] DEBUG c.p.remote.dispatch.DispatchInvoker - Handle DATA (stub): dataLength=7
10:30:46.406 [nioEventLoopGroup-52-1] WARN  com.proxy.crypto.NoneCipher - NoneCipher initialized — data will NOT be encrypted! Do NOT use in production.
10:30:46.406 [pool-13-thread-13] DEBUG c.p.t.netty.pool.ConnectionPool - Opened HTTP/2 stream on connection [id: 0x162a27a3, L:/127.0.0.1:52051 - R:/127.0.0.1:52050], active streams: 29
10:30:46.406 [pool-13-thread-13] DEBUG c.proxy.transport.netty.NettyClient - Created HTTP/2 stream for streamId=128
10:30:46.406 [nioEventLoopGroup-51-1] WARN  com.proxy.crypto.NoneCipher - NoneCipher initialized — data will NOT be encrypted! Do NOT use in production.
10:30:46.406 [nioEventLoopGroup-52-1] DEBUG c.p.exchange.header.DefaultFuture - Request completed: requestId=58, status=200, elapsed=8ms
10:30:46.406 [pool-12-thread-8] DEBUG c.p.remote.dispatch.DispatchInvoker - Handle DATA (stub): dataLength=7
10:30:46.406 [nioEventLoopGroup-52-1] WARN  com.proxy.crypto.NoneCipher - NoneCipher initialized — data will NOT be encrypted! Do NOT use in production.
10:30:46.406 [nioEventLoopGroup-51-1] WARN  com.proxy.crypto.NoneCipher - NoneCipher initialized — data will NOT be encrypted! Do NOT use in production.
10:30:46.406 [pool-13-thread-14] DEBUG c.p.t.netty.pool.ConnectionPool - Opened HTTP/2 stream on connection [id: 0x162a27a3, L:/127.0.0.1:52051 - R:/127.0.0.1:52050], active streams: 30
10:30:46.406 [pool-13-thread-14] DEBUG c.proxy.transport.netty.NettyClient - Created HTTP/2 stream for streamId=127
10:30:46.406 [nioEventLoopGroup-52-1] DEBUG c.p.exchange.header.DefaultFuture - Request completed: requestId=57, status=200, elapsed=8ms
10:30:46.406 [pool-12-thread-9] DEBUG c.p.remote.dispatch.DispatchInvoker - Handle DATA (stub): dataLength=7
10:30:46.407 [nioEventLoopGroup-52-1] WARN  com.proxy.crypto.NoneCipher - NoneCipher initialized — data will NOT be encrypted! Do NOT use in production.
10:30:46.407 [nioEventLoopGroup-51-1] WARN  com.proxy.crypto.NoneCipher - NoneCipher initialized — data will NOT be encrypted! Do NOT use in production.
10:30:46.407 [pool-13-thread-15] DEBUG c.p.t.netty.pool.ConnectionPool - Opened HTTP/2 stream on connection [id: 0x162a27a3, L:/127.0.0.1:52051 - R:/127.0.0.1:52050], active streams: 31
10:30:46.407 [pool-13-thread-15] DEBUG c.proxy.transport.netty.NettyClient - Created HTTP/2 stream for streamId=126
10:30:46.407 [nioEventLoopGroup-52-1] DEBUG c.p.exchange.header.DefaultFuture - Request completed: requestId=56, status=200, elapsed=10ms
10:30:46.407 [pool-12-thread-10] DEBUG c.p.remote.dispatch.DispatchInvoker - Handle DATA (stub): dataLength=7
10:30:46.407 [nioEventLoopGroup-52-1] WARN  com.proxy.crypto.NoneCipher - NoneCipher initialized — data will NOT be encrypted! Do NOT use in production.
10:30:46.407 [pool-13-thread-16] DEBUG c.p.t.netty.pool.ConnectionPool - Opened HTTP/2 stream on connection [id: 0x162a27a3, L:/127.0.0.1:52051 - R:/127.0.0.1:52050], active streams: 32
10:30:46.407 [pool-13-thread-16] DEBUG c.proxy.transport.netty.NettyClient - Created HTTP/2 stream for streamId=125
10:30:46.407 [nioEventLoopGroup-52-1] DEBUG c.p.exchange.header.DefaultFuture - Request completed: requestId=55, status=200, elapsed=10ms
10:30:46.408 [nioEventLoopGroup-51-1] WARN  com.proxy.crypto.NoneCipher - NoneCipher initialized — data will NOT be encrypted! Do NOT use in production.
10:30:46.408 [pool-12-thread-1] DEBUG c.p.remote.dispatch.DispatchInvoker - Handle DATA (stub): dataLength=7
10:30:46.408 [nioEventLoopGroup-52-1] WARN  com.proxy.crypto.NoneCipher - NoneCipher initialized — data will NOT be encrypted! Do NOT use in production.
10:30:46.408 [pool-13-thread-17] DEBUG c.p.t.netty.pool.ConnectionPool - Opened HTTP/2 stream on connection [id: 0x162a27a3, L:/127.0.0.1:52051 - R:/127.0.0.1:52050], active streams: 33
10:30:46.408 [pool-13-thread-17] DEBUG c.proxy.transport.netty.NettyClient - Created HTTP/2 stream for streamId=124
10:30:46.409 [nioEventLoopGroup-51-1] WARN  com.proxy.crypto.NoneCipher - NoneCipher initialized — data will NOT be encrypted! Do NOT use in production.
10:30:46.409 [nioEventLoopGroup-52-1] WARN  com.proxy.crypto.NoneCipher - NoneCipher initialized — data will NOT be encrypted! Do NOT use in production.
10:30:46.409 [pool-12-thread-2] DEBUG c.p.remote.dispatch.DispatchInvoker - Handle DATA (stub): dataLength=7
10:30:46.409 [pool-13-thread-18] DEBUG c.p.t.netty.pool.ConnectionPool - Opened HTTP/2 stream on connection [id: 0x162a27a3, L:/127.0.0.1:52051 - R:/127.0.0.1:52050], active streams: 34
10:30:46.409 [pool-13-thread-18] DEBUG c.proxy.transport.netty.NettyClient - Created HTTP/2 stream for streamId=123
10:30:46.409 [nioEventLoopGroup-52-1] DEBUG c.p.exchange.header.DefaultFuture - Request completed: requestId=54, status=200, elapsed=13ms
10:30:46.409 [nioEventLoopGroup-51-1] WARN  com.proxy.crypto.NoneCipher - NoneCipher initialized — data will NOT be encrypted! Do NOT use in production.
10:30:46.409 [nioEventLoopGroup-52-1] WARN  com.proxy.crypto.NoneCipher - NoneCipher initialized — data will NOT be encrypted! Do NOT use in production.
10:30:46.409 [pool-13-thread-20] DEBUG c.p.t.netty.pool.ConnectionPool - Opened HTTP/2 stream on connection [id: 0x162a27a3, L:/127.0.0.1:52051 - R:/127.0.0.1:52050], active streams: 35
10:30:46.409 [pool-12-thread-3] DEBUG c.p.remote.dispatch.DispatchInvoker - Handle DATA (stub): dataLength=7
10:30:46.409 [pool-13-thread-20] DEBUG c.proxy.transport.netty.NettyClient - Created HTTP/2 stream for streamId=122
10:30:46.409 [nioEventLoopGroup-51-1] WARN  com.proxy.crypto.NoneCipher - NoneCipher initialized — data will NOT be encrypted! Do NOT use in production.
10:30:46.409 [nioEventLoopGroup-52-1] DEBUG c.p.exchange.header.DefaultFuture - Request completed: requestId=53, status=200, elapsed=14ms
10:30:46.409 [pool-12-thread-4] DEBUG c.p.remote.dispatch.DispatchInvoker - Handle DATA (stub): dataLength=7
10:30:46.410 [nioEventLoopGroup-52-1] WARN  com.proxy.crypto.NoneCipher - NoneCipher initialized — data will NOT be encrypted! Do NOT use in production.
10:30:46.410 [pool-13-thread-19] DEBUG c.p.t.netty.pool.ConnectionPool - Opened HTTP/2 stream on connection [id: 0x162a27a3, L:/127.0.0.1:52051 - R:/127.0.0.1:52050], active streams: 36
10:30:46.410 [pool-13-thread-19] DEBUG c.proxy.transport.netty.NettyClient - Created HTTP/2 stream for streamId=121
10:30:46.410 [nioEventLoopGroup-52-1] DEBUG c.p.exchange.header.DefaultFuture - Request completed: requestId=52, status=200, elapsed=16ms
10:30:46.410 [nioEventLoopGroup-51-1] WARN  com.proxy.crypto.NoneCipher - NoneCipher initialized — data will NOT be encrypted! Do NOT use in production.
10:30:46.410 [nioEventLoopGroup-52-1] DEBUG c.p.exchange.header.DefaultFuture - Request completed: requestId=51, status=200, elapsed=16ms
10:30:46.410 [pool-12-thread-5] DEBUG c.p.remote.dispatch.DispatchInvoker - Handle DATA (stub): dataLength=7
10:30:46.410 [nioEventLoopGroup-52-1] WARN  com.proxy.crypto.NoneCipher - NoneCipher initialized — data will NOT be encrypted! Do NOT use in production.
10:30:46.410 [nioEventLoopGroup-51-1] WARN  com.proxy.crypto.NoneCipher - NoneCipher initialized — data will NOT be encrypted! Do NOT use in production.
10:30:46.410 [pool-13-thread-5] DEBUG c.p.t.netty.pool.ConnectionPool - Opened HTTP/2 stream on connection [id: 0x162a27a3, L:/127.0.0.1:52051 - R:/127.0.0.1:52050], active streams: 37
10:30:46.410 [pool-13-thread-5] DEBUG c.proxy.transport.netty.NettyClient - Created HTTP/2 stream for streamId=120
10:30:46.410 [nioEventLoopGroup-52-1] DEBUG c.p.exchange.header.DefaultFuture - Request completed: requestId=50, status=200, elapsed=16ms
10:30:46.410 [pool-12-thread-6] DEBUG c.p.remote.dispatch.DispatchInvoker - Handle DATA (stub): dataLength=7
10:30:46.411 [nioEventLoopGroup-52-1] WARN  com.proxy.crypto.NoneCipher - NoneCipher initialized — data will NOT be encrypted! Do NOT use in production.
10:30:46.411 [nioEventLoopGroup-51-1] WARN  com.proxy.crypto.NoneCipher - NoneCipher initialized — data will NOT be encrypted! Do NOT use in production.
10:30:46.411 [pool-13-thread-18] DEBUG c.p.t.netty.pool.ConnectionPool - Opened HTTP/2 stream on connection [id: 0x162a27a3, L:/127.0.0.1:52051 - R:/127.0.0.1:52050], active streams: 38
10:30:46.411 [pool-13-thread-18] DEBUG c.proxy.transport.netty.NettyClient - Created HTTP/2 stream for streamId=153
10:30:46.411 [nioEventLoopGroup-52-1] DEBUG c.p.exchange.header.DefaultFuture - Request completed: requestId=49, status=200, elapsed=20ms
10:30:46.411 [pool-12-thread-7] DEBUG c.p.remote.dispatch.DispatchInvoker - Handle DATA (stub): dataLength=7
10:30:46.411 [nioEventLoopGroup-52-1] WARN  com.proxy.crypto.NoneCipher - NoneCipher initialized — data will NOT be encrypted! Do NOT use in production.
10:30:46.411 [pool-13-thread-17] DEBUG c.p.t.netty.pool.ConnectionPool - Opened HTTP/2 stream on connection [id: 0x162a27a3, L:/127.0.0.1:52051 - R:/127.0.0.1:52050], active streams: 39
10:30:46.411 [pool-13-thread-17] DEBUG c.proxy.transport.netty.NettyClient - Created HTTP/2 stream for streamId=152
10:30:46.411 [nioEventLoopGroup-51-1] WARN  com.proxy.crypto.NoneCipher - NoneCipher initialized — data will NOT be encrypted! Do NOT use in production.
10:30:46.411 [pool-12-thread-8] DEBUG c.p.remote.dispatch.DispatchInvoker - Handle DATA (stub): dataLength=7
10:30:46.412 [nioEventLoopGroup-52-1] DEBUG c.p.exchange.header.DefaultFuture - Request completed: requestId=48, status=200, elapsed=21ms
10:30:46.412 [nioEventLoopGroup-52-1] WARN  com.proxy.crypto.NoneCipher - NoneCipher initialized — data will NOT be encrypted! Do NOT use in production.
10:30:46.412 [nioEventLoopGroup-51-1] WARN  com.proxy.crypto.NoneCipher - NoneCipher initialized — data will NOT be encrypted! Do NOT use in production.
10:30:46.412 [pool-13-thread-16] DEBUG c.p.t.netty.pool.ConnectionPool - Opened HTTP/2 stream on connection [id: 0x162a27a3, L:/127.0.0.1:52051 - R:/127.0.0.1:52050], active streams: 40
10:30:46.412 [pool-13-thread-16] DEBUG c.proxy.transport.netty.NettyClient - Created HTTP/2 stream for streamId=151
10:30:46.412 [nioEventLoopGroup-52-1] DEBUG c.p.exchange.header.DefaultFuture - Request completed: requestId=81, status=200, elapsed=2ms
10:30:46.412 [pool-12-thread-9] DEBUG c.p.remote.dispatch.DispatchInvoker - Handle DATA (stub): dataLength=7
10:30:46.412 [nioEventLoopGroup-52-1] WARN  com.proxy.crypto.NoneCipher - NoneCipher initialized — data will NOT be encrypted! Do NOT use in production.
10:30:46.412 [pool-13-thread-15] DEBUG c.p.t.netty.pool.ConnectionPool - Opened HTTP/2 stream on connection [id: 0x162a27a3, L:/127.0.0.1:52051 - R:/127.0.0.1:52050], active streams: 41
10:30:46.413 [pool-13-thread-15] DEBUG c.proxy.transport.netty.NettyClient - Created HTTP/2 stream for streamId=150
10:30:46.413 [nioEventLoopGroup-51-1] WARN  com.proxy.crypto.NoneCipher - NoneCipher initialized — data will NOT be encrypted! Do NOT use in production.
10:30:46.413 [nioEventLoopGroup-52-1] DEBUG c.p.exchange.header.DefaultFuture - Request completed: requestId=80, status=200, elapsed=3ms
10:30:46.413 [pool-12-thread-10] DEBUG c.p.remote.dispatch.DispatchInvoker - Handle DATA (stub): dataLength=7
10:30:46.413 [nioEventLoopGroup-52-1] WARN  com.proxy.crypto.NoneCipher - NoneCipher initialized — data will NOT be encrypted! Do NOT use in production.
10:30:46.413 [pool-13-thread-14] DEBUG c.p.t.netty.pool.ConnectionPool - Opened HTTP/2 stream on connection [id: 0x162a27a3, L:/127.0.0.1:52051 - R:/127.0.0.1:52050], active streams: 42
10:30:46.413 [pool-13-thread-14] DEBUG c.proxy.transport.netty.NettyClient - Created HTTP/2 stream for streamId=149
10:30:46.413 [nioEventLoopGroup-52-1] DEBUG c.p.exchange.header.DefaultFuture - Request completed: requestId=79, status=200, elapsed=4ms
10:30:46.413 [nioEventLoopGroup-51-1] WARN  com.proxy.crypto.NoneCipher - NoneCipher initialized — data will NOT be encrypted! Do NOT use in production.
10:30:46.414 [nioEventLoopGroup-52-1] WARN  com.proxy.crypto.NoneCipher - NoneCipher initialized — data will NOT be encrypted! Do NOT use in production.
10:30:46.414 [pool-12-thread-1] DEBUG c.p.remote.dispatch.DispatchInvoker - Handle DATA (stub): dataLength=7
10:30:46.414 [pool-13-thread-13] DEBUG c.p.t.netty.pool.ConnectionPool - Opened HTTP/2 stream on connection [id: 0x162a27a3, L:/127.0.0.1:52051 - R:/127.0.0.1:52050], active streams: 43
10:30:46.414 [pool-13-thread-13] DEBUG c.proxy.transport.netty.NettyClient - Created HTTP/2 stream for streamId=148
10:30:46.414 [nioEventLoopGroup-51-1] WARN  com.proxy.crypto.NoneCipher - NoneCipher initialized — data will NOT be encrypted! Do NOT use in production.
10:30:46.414 [pool-12-thread-2] DEBUG c.p.remote.dispatch.DispatchInvoker - Handle DATA (stub): dataLength=7
10:30:46.414 [nioEventLoopGroup-52-1] WARN  com.proxy.crypto.NoneCipher - NoneCipher initialized — data will NOT be encrypted! Do NOT use in production.
10:30:46.414 [pool-13-thread-12] DEBUG c.p.t.netty.pool.ConnectionPool - Opened HTTP/2 stream on connection [id: 0x162a27a3, L:/127.0.0.1:52051 - R:/127.0.0.1:52050], active streams: 44
10:30:46.414 [pool-13-thread-12] DEBUG c.proxy.transport.netty.NettyClient - Created HTTP/2 stream for streamId=147
10:30:46.414 [nioEventLoopGroup-52-1] WARN  com.proxy.crypto.NoneCipher - NoneCipher initialized — data will NOT be encrypted! Do NOT use in production.
10:30:46.414 [pool-13-thread-11] DEBUG c.p.t.netty.pool.ConnectionPool - Opened HTTP/2 stream on connection [id: 0x162a27a3, L:/127.0.0.1:52051 - R:/127.0.0.1:52050], active streams: 45
10:30:46.414 [pool-13-thread-11] DEBUG c.proxy.transport.netty.NettyClient - Created HTTP/2 stream for streamId=146
10:30:46.414 [nioEventLoopGroup-51-1] WARN  com.proxy.crypto.NoneCipher - NoneCipher initialized — data will NOT be encrypted! Do NOT use in production.
10:30:46.415 [nioEventLoopGroup-52-1] DEBUG c.p.exchange.header.DefaultFuture - Request completed: requestId=78, status=200, elapsed=6ms
10:30:46.415 [pool-12-thread-3] DEBUG c.p.remote.dispatch.DispatchInvoker - Handle DATA (stub): dataLength=7
10:30:46.415 [nioEventLoopGroup-52-1] DEBUG c.p.exchange.header.DefaultFuture - Request completed: requestId=77, status=200, elapsed=8ms
10:30:46.415 [nioEventLoopGroup-51-1] WARN  com.proxy.crypto.NoneCipher - NoneCipher initialized — data will NOT be encrypted! Do NOT use in production.
10:30:46.415 [pool-12-thread-4] DEBUG c.p.remote.dispatch.DispatchInvoker - Handle DATA (stub): dataLength=7
10:30:46.415 [nioEventLoopGroup-52-1] WARN  com.proxy.crypto.NoneCipher - NoneCipher initialized — data will NOT be encrypted! Do NOT use in production.
10:30:46.415 [pool-13-thread-10] DEBUG c.p.t.netty.pool.ConnectionPool - Opened HTTP/2 stream on connection [id: 0x162a27a3, L:/127.0.0.1:52051 - R:/127.0.0.1:52050], active streams: 46
10:30:46.415 [pool-13-thread-10] DEBUG c.proxy.transport.netty.NettyClient - Created HTTP/2 stream for streamId=145
10:30:46.415 [nioEventLoopGroup-52-1] DEBUG c.p.exchange.header.DefaultFuture - Request completed: requestId=76, status=200, elapsed=8ms
10:30:46.415 [nioEventLoopGroup-51-1] WARN  com.proxy.crypto.NoneCipher - NoneCipher initialized — data will NOT be encrypted! Do NOT use in production.
10:30:46.415 [pool-12-thread-5] DEBUG c.p.remote.dispatch.DispatchInvoker - Handle DATA (stub): dataLength=7
10:30:46.415 [nioEventLoopGroup-52-1] WARN  com.proxy.crypto.NoneCipher - NoneCipher initialized — data will NOT be encrypted! Do NOT use in production.
10:30:46.415 [pool-13-thread-9] DEBUG c.p.t.netty.pool.ConnectionPool - Opened HTTP/2 stream on connection [id: 0x162a27a3, L:/127.0.0.1:52051 - R:/127.0.0.1:52050], active streams: 47
10:30:46.415 [nioEventLoopGroup-51-1] WARN  com.proxy.crypto.NoneCipher - NoneCipher initialized — data will NOT be encrypted! Do NOT use in production.
10:30:46.415 [pool-13-thread-9] DEBUG c.proxy.transport.netty.NettyClient - Created HTTP/2 stream for streamId=144
10:30:46.416 [nioEventLoopGroup-52-1] DEBUG c.p.exchange.header.DefaultFuture - Request completed: requestId=75, status=200, elapsed=10ms
10:30:46.416 [pool-12-thread-6] DEBUG c.p.remote.dispatch.DispatchInvoker - Handle DATA (stub): dataLength=7
10:30:46.416 [nioEventLoopGroup-52-1] WARN  com.proxy.crypto.NoneCipher - NoneCipher initialized — data will NOT be encrypted! Do NOT use in production.
10:30:46.416 [pool-13-thread-8] DEBUG c.p.t.netty.pool.ConnectionPool - Opened HTTP/2 stream on connection [id: 0x162a27a3, L:/127.0.0.1:52051 - R:/127.0.0.1:52050], active streams: 48
10:30:46.416 [pool-13-thread-8] DEBUG c.proxy.transport.netty.NettyClient - Created HTTP/2 stream for streamId=143
10:30:46.416 [nioEventLoopGroup-51-1] WARN  com.proxy.crypto.NoneCipher - NoneCipher initialized — data will NOT be encrypted! Do NOT use in production.
10:30:46.416 [nioEventLoopGroup-52-1] DEBUG c.p.exchange.header.DefaultFuture - Request completed: requestId=74, status=200, elapsed=10ms
10:30:46.416 [nioEventLoopGroup-52-1] DEBUG c.p.exchange.header.DefaultFuture - Request completed: requestId=73, status=200, elapsed=11ms
10:30:46.416 [pool-12-thread-7] DEBUG c.p.remote.dispatch.DispatchInvoker - Handle DATA (stub): dataLength=7
10:30:46.416 [nioEventLoopGroup-52-1] WARN  com.proxy.crypto.NoneCipher - NoneCipher initialized — data will NOT be encrypted! Do NOT use in production.
10:30:46.416 [nioEventLoopGroup-51-1] WARN  com.proxy.crypto.NoneCipher - NoneCipher initialized — data will NOT be encrypted! Do NOT use in production.
10:30:46.417 [pool-13-thread-7] DEBUG c.p.t.netty.pool.ConnectionPool - Opened HTTP/2 stream on connection [id: 0x162a27a3, L:/127.0.0.1:52051 - R:/127.0.0.1:52050], active streams: 49
10:30:46.417 [pool-13-thread-7] DEBUG c.proxy.transport.netty.NettyClient - Created HTTP/2 stream for streamId=142
10:30:46.417 [pool-12-thread-8] DEBUG c.p.remote.dispatch.DispatchInvoker - Handle DATA (stub): dataLength=7
10:30:46.417 [nioEventLoopGroup-52-1] DEBUG c.p.exchange.header.DefaultFuture - Request completed: requestId=72, status=200, elapsed=12ms
10:30:46.417 [nioEventLoopGroup-52-1] WARN  com.proxy.crypto.NoneCipher - NoneCipher initialized — data will NOT be encrypted! Do NOT use in production.
10:30:46.417 [pool-13-thread-1] DEBUG c.p.t.netty.pool.ConnectionPool - Opened HTTP/2 stream on connection [id: 0x162a27a3, L:/127.0.0.1:52051 - R:/127.0.0.1:52050], active streams: 50
10:30:46.417 [pool-13-thread-1] DEBUG c.proxy.transport.netty.NettyClient - Created HTTP/2 stream for streamId=141
10:30:46.417 [nioEventLoopGroup-51-1] WARN  com.proxy.crypto.NoneCipher - NoneCipher initialized — data will NOT be encrypted! Do NOT use in production.
10:30:46.417 [nioEventLoopGroup-52-1] DEBUG c.p.exchange.header.DefaultFuture - Request completed: requestId=71, status=200, elapsed=13ms
10:30:46.417 [pool-12-thread-9] DEBUG c.p.remote.dispatch.DispatchInvoker - Handle DATA (stub): dataLength=7
10:30:46.417 [nioEventLoopGroup-52-1] WARN  com.proxy.crypto.NoneCipher - NoneCipher initialized — data will NOT be encrypted! Do NOT use in production.
10:30:46.417 [pool-13-thread-3] DEBUG c.p.t.netty.pool.ConnectionPool - Opened HTTP/2 stream on connection [id: 0x162a27a3, L:/127.0.0.1:52051 - R:/127.0.0.1:52050], active streams: 51
10:30:46.417 [pool-13-thread-3] DEBUG c.proxy.transport.netty.NettyClient - Created HTTP/2 stream for streamId=140
10:30:46.418 [nioEventLoopGroup-52-1] WARN  com.proxy.crypto.NoneCipher - NoneCipher initialized — data will NOT be encrypted! Do NOT use in production.
10:30:46.418 [nioEventLoopGroup-51-1] WARN  com.proxy.crypto.NoneCipher - NoneCipher initialized — data will NOT be encrypted! Do NOT use in production.
10:30:46.418 [pool-13-thread-2] DEBUG c.p.t.netty.pool.ConnectionPool - Opened HTTP/2 stream on connection [id: 0x162a27a3, L:/127.0.0.1:52051 - R:/127.0.0.1:52050], active streams: 52
10:30:46.418 [nioEventLoopGroup-52-1] DEBUG c.p.exchange.header.DefaultFuture - Request completed: requestId=70, status=200, elapsed=14ms
10:30:46.418 [pool-13-thread-2] DEBUG c.proxy.transport.netty.NettyClient - Created HTTP/2 stream for streamId=139
10:30:46.418 [pool-12-thread-10] DEBUG c.p.remote.dispatch.DispatchInvoker - Handle DATA (stub): dataLength=7
10:30:46.418 [nioEventLoopGroup-51-1] WARN  com.proxy.crypto.NoneCipher - NoneCipher initialized — data will NOT be encrypted! Do NOT use in production.
10:30:46.418 [nioEventLoopGroup-52-1] WARN  com.proxy.crypto.NoneCipher - NoneCipher initialized — data will NOT be encrypted! Do NOT use in production.
10:30:46.418 [pool-12-thread-1] DEBUG c.p.remote.dispatch.DispatchInvoker - Handle DATA (stub): dataLength=7
10:30:46.418 [pool-13-thread-4] DEBUG c.p.t.netty.pool.ConnectionPool - Opened HTTP/2 stream on connection [id: 0x162a27a3, L:/127.0.0.1:52051 - R:/127.0.0.1:52050], active streams: 53
10:30:46.418 [pool-13-thread-4] DEBUG c.proxy.transport.netty.NettyClient - Created HTTP/2 stream for streamId=138
10:30:46.419 [nioEventLoopGroup-51-1] WARN  com.proxy.crypto.NoneCipher - NoneCipher initialized — data will NOT be encrypted! Do NOT use in production.
10:30:46.419 [nioEventLoopGroup-52-1] WARN  com.proxy.crypto.NoneCipher - NoneCipher initialized — data will NOT be encrypted! Do NOT use in production.
10:30:46.419 [pool-12-thread-2] DEBUG c.p.remote.dispatch.DispatchInvoker - Handle DATA (stub): dataLength=7
10:30:46.419 [pool-13-thread-6] DEBUG c.p.t.netty.pool.ConnectionPool - Opened HTTP/2 stream on connection [id: 0x162a27a3, L:/127.0.0.1:52051 - R:/127.0.0.1:52050], active streams: 54
10:30:46.419 [pool-13-thread-6] DEBUG c.proxy.transport.netty.NettyClient - Created HTTP/2 stream for streamId=137
10:30:46.419 [nioEventLoopGroup-51-1] WARN  com.proxy.crypto.NoneCipher - NoneCipher initialized — data will NOT be encrypted! Do NOT use in production.
10:30:46.419 [nioEventLoopGroup-52-1] DEBUG c.p.exchange.header.DefaultFuture - Request completed: requestId=69, status=200, elapsed=16ms
10:30:46.419 [nioEventLoopGroup-52-1] DEBUG c.p.exchange.header.DefaultFuture - Request completed: requestId=68, status=200, elapsed=16ms
10:30:46.419 [pool-12-thread-3] DEBUG c.p.remote.dispatch.DispatchInvoker - Handle DATA (stub): dataLength=7
10:30:46.419 [nioEventLoopGroup-52-1] WARN  com.proxy.crypto.NoneCipher - NoneCipher initialized — data will NOT be encrypted! Do NOT use in production.
10:30:46.419 [pool-13-thread-7] DEBUG c.p.t.netty.pool.ConnectionPool - Opened HTTP/2 stream on connection [id: 0x162a27a3, L:/127.0.0.1:52051 - R:/127.0.0.1:52050], active streams: 55
10:30:46.419 [nioEventLoopGroup-51-1] WARN  com.proxy.crypto.NoneCipher - NoneCipher initialized — data will NOT be encrypted! Do NOT use in production.
10:30:46.419 [pool-13-thread-7] DEBUG c.proxy.transport.netty.NettyClient - Created HTTP/2 stream for streamId=168
10:30:46.419 [nioEventLoopGroup-52-1] DEBUG c.p.exchange.header.DefaultFuture - Request completed: requestId=67, status=200, elapsed=17ms
10:30:46.420 [pool-12-thread-4] DEBUG c.p.remote.dispatch.DispatchInvoker - Handle DATA (stub): dataLength=7
10:30:46.420 [nioEventLoopGroup-52-1] DEBUG c.p.exchange.header.DefaultFuture - Request completed: requestId=66, status=200, elapsed=18ms
10:30:46.420 [nioEventLoopGroup-52-1] WARN  com.proxy.crypto.NoneCipher - NoneCipher initialized — data will NOT be encrypted! Do NOT use in production.
10:30:46.420 [pool-13-thread-8] DEBUG c.p.t.netty.pool.ConnectionPool - Opened HTTP/2 stream on connection [id: 0x162a27a3, L:/127.0.0.1:52051 - R:/127.0.0.1:52050], active streams: 56
10:30:46.420 [pool-13-thread-8] DEBUG c.proxy.transport.netty.NettyClient - Created HTTP/2 stream for streamId=167
10:30:46.420 [nioEventLoopGroup-51-1] WARN  com.proxy.crypto.NoneCipher - NoneCipher initialized — data will NOT be encrypted! Do NOT use in production.
10:30:46.420 [nioEventLoopGroup-52-1] DEBUG c.p.exchange.header.DefaultFuture - Request completed: requestId=65, status=200, elapsed=18ms
10:30:46.420 [pool-12-thread-5] DEBUG c.p.remote.dispatch.DispatchInvoker - Handle DATA (stub): dataLength=7
10:30:46.420 [nioEventLoopGroup-52-1] WARN  com.proxy.crypto.NoneCipher - NoneCipher initialized — data will NOT be encrypted! Do NOT use in production.
10:30:46.420 [pool-13-thread-9] DEBUG c.p.t.netty.pool.ConnectionPool - Opened HTTP/2 stream on connection [id: 0x162a27a3, L:/127.0.0.1:52051 - R:/127.0.0.1:52050], active streams: 57
10:30:46.420 [pool-13-thread-9] DEBUG c.proxy.transport.netty.NettyClient - Created HTTP/2 stream for streamId=166
10:30:46.420 [nioEventLoopGroup-51-1] WARN  com.proxy.crypto.NoneCipher - NoneCipher initialized — data will NOT be encrypted! Do NOT use in production.
10:30:46.420 [nioEventLoopGroup-52-1] DEBUG c.p.exchange.header.DefaultFuture - Request completed: requestId=96, status=200, elapsed=2ms
10:30:46.420 [pool-12-thread-6] DEBUG c.p.remote.dispatch.DispatchInvoker - Handle DATA (stub): dataLength=7
10:30:46.421 [nioEventLoopGroup-52-1] WARN  com.proxy.crypto.NoneCipher - NoneCipher initialized — data will NOT be encrypted! Do NOT use in production.
10:30:46.421 [nioEventLoopGroup-51-1] WARN  com.proxy.crypto.NoneCipher - NoneCipher initialized — data will NOT be encrypted! Do NOT use in production.
10:30:46.421 [pool-13-thread-10] DEBUG c.p.t.netty.pool.ConnectionPool - Opened HTTP/2 stream on connection [id: 0x162a27a3, L:/127.0.0.1:52051 - R:/127.0.0.1:52050], active streams: 58
10:30:46.421 [pool-13-thread-10] DEBUG c.proxy.transport.netty.NettyClient - Created HTTP/2 stream for streamId=165
10:30:46.421 [pool-12-thread-7] DEBUG c.p.remote.dispatch.DispatchInvoker - Handle DATA (stub): dataLength=7
10:30:46.421 [nioEventLoopGroup-52-1] DEBUG c.p.exchange.header.DefaultFuture - Request completed: requestId=95, status=200, elapsed=4ms
10:30:46.421 [nioEventLoopGroup-52-1] WARN  com.proxy.crypto.NoneCipher - NoneCipher initialized — data will NOT be encrypted! Do NOT use in production.
10:30:46.421 [pool-13-thread-11] DEBUG c.p.t.netty.pool.ConnectionPool - Opened HTTP/2 stream on connection [id: 0x162a27a3, L:/127.0.0.1:52051 - R:/127.0.0.1:52050], active streams: 59
10:30:46.421 [pool-13-thread-11] DEBUG c.proxy.transport.netty.NettyClient - Created HTTP/2 stream for streamId=164
10:30:46.421 [nioEventLoopGroup-51-1] WARN  com.proxy.crypto.NoneCipher - NoneCipher initialized — data will NOT be encrypted! Do NOT use in production.
10:30:46.421 [nioEventLoopGroup-52-1] DEBUG c.p.exchange.header.DefaultFuture - Request completed: requestId=94, status=200, elapsed=4ms
10:30:46.421 [pool-12-thread-8] DEBUG c.p.remote.dispatch.DispatchInvoker - Handle DATA (stub): dataLength=7
10:30:46.422 [nioEventLoopGroup-52-1] WARN  com.proxy.crypto.NoneCipher - NoneCipher initialized — data will NOT be encrypted! Do NOT use in production.
10:30:46.422 [nioEventLoopGroup-51-1] WARN  com.proxy.crypto.NoneCipher - NoneCipher initialized — data will NOT be encrypted! Do NOT use in production.
10:30:46.422 [pool-13-thread-12] DEBUG c.p.t.netty.pool.ConnectionPool - Opened HTTP/2 stream on connection [id: 0x162a27a3, L:/127.0.0.1:52051 - R:/127.0.0.1:52050], active streams: 60
10:30:46.422 [pool-13-thread-12] DEBUG c.proxy.transport.netty.NettyClient - Created HTTP/2 stream for streamId=163
10:30:46.422 [nioEventLoopGroup-52-1] DEBUG c.p.exchange.header.DefaultFuture - Request completed: requestId=93, status=200, elapsed=6ms
10:30:46.422 [pool-12-thread-9] DEBUG c.p.remote.dispatch.DispatchInvoker - Handle DATA (stub): dataLength=7
10:30:46.422 [nioEventLoopGroup-52-1] WARN  com.proxy.crypto.NoneCipher - NoneCipher initialized — data will NOT be encrypted! Do NOT use in production.
10:30:46.422 [nioEventLoopGroup-51-1] WARN  com.proxy.crypto.NoneCipher - NoneCipher initialized — data will NOT be encrypted! Do NOT use in production.
10:30:46.422 [pool-13-thread-13] DEBUG c.p.t.netty.pool.ConnectionPool - Opened HTTP/2 stream on connection [id: 0x162a27a3, L:/127.0.0.1:52051 - R:/127.0.0.1:52050], active streams: 61
10:30:46.422 [pool-13-thread-13] DEBUG c.proxy.transport.netty.NettyClient - Created HTTP/2 stream for streamId=162
10:30:46.422 [nioEventLoopGroup-52-1] DEBUG c.p.exchange.header.DefaultFuture - Request completed: requestId=92, status=200, elapsed=6ms
10:30:46.422 [pool-12-thread-10] DEBUG c.p.remote.dispatch.DispatchInvoker - Handle DATA (stub): dataLength=7
10:30:46.422 [nioEventLoopGroup-52-1] WARN  com.proxy.crypto.NoneCipher - NoneCipher initialized — data will NOT be encrypted! Do NOT use in production.
10:30:46.422 [nioEventLoopGroup-51-1] WARN  com.proxy.crypto.NoneCipher - NoneCipher initialized — data will NOT be encrypted! Do NOT use in production.
10:30:46.422 [pool-13-thread-14] DEBUG c.p.t.netty.pool.ConnectionPool - Opened HTTP/2 stream on connection [id: 0x162a27a3, L:/127.0.0.1:52051 - R:/127.0.0.1:52050], active streams: 62
10:30:46.422 [pool-13-thread-14] DEBUG c.proxy.transport.netty.NettyClient - Created HTTP/2 stream for streamId=161
10:30:46.423 [nioEventLoopGroup-52-1] DEBUG c.p.exchange.header.DefaultFuture - Request completed: requestId=91, status=200, elapsed=7ms
10:30:46.423 [pool-12-thread-1] DEBUG c.p.remote.dispatch.DispatchInvoker - Handle DATA (stub): dataLength=7
10:30:46.423 [nioEventLoopGroup-52-1] WARN  com.proxy.crypto.NoneCipher - NoneCipher initialized — data will NOT be encrypted! Do NOT use in production.
10:30:46.423 [pool-13-thread-15] DEBUG c.p.t.netty.pool.ConnectionPool - Opened HTTP/2 stream on connection [id: 0x162a27a3, L:/127.0.0.1:52051 - R:/127.0.0.1:52050], active streams: 63
10:30:46.423 [nioEventLoopGroup-51-1] WARN  com.proxy.crypto.NoneCipher - NoneCipher initialized — data will NOT be encrypted! Do NOT use in production.
10:30:46.423 [pool-13-thread-15] DEBUG c.proxy.transport.netty.NettyClient - Created HTTP/2 stream for streamId=160
10:30:46.423 [nioEventLoopGroup-52-1] DEBUG c.p.exchange.header.DefaultFuture - Request completed: requestId=90, status=200, elapsed=8ms
10:30:46.423 [pool-12-thread-2] DEBUG c.p.remote.dispatch.DispatchInvoker - Handle DATA (stub): dataLength=7
10:30:46.423 [nioEventLoopGroup-52-1] WARN  com.proxy.crypto.NoneCipher - NoneCipher initialized — data will NOT be encrypted! Do NOT use in production.
10:30:46.423 [pool-13-thread-16] DEBUG c.p.t.netty.pool.ConnectionPool - Opened HTTP/2 stream on connection [id: 0x162a27a3, L:/127.0.0.1:52051 - R:/127.0.0.1:52050], active streams: 64
10:30:46.423 [pool-13-thread-16] DEBUG c.proxy.transport.netty.NettyClient - Created HTTP/2 stream for streamId=159
10:30:46.423 [nioEventLoopGroup-52-1] WARN  com.proxy.crypto.NoneCipher - NoneCipher initialized — data will NOT be encrypted! Do NOT use in production.
10:30:46.424 [pool-13-thread-17] DEBUG c.p.t.netty.pool.ConnectionPool - Opened HTTP/2 stream on connection [id: 0x162a27a3, L:/127.0.0.1:52051 - R:/127.0.0.1:52050], active streams: 65
10:30:46.424 [pool-13-thread-17] DEBUG c.proxy.transport.netty.NettyClient - Created HTTP/2 stream for streamId=158
10:30:46.424 [nioEventLoopGroup-52-1] WARN  com.proxy.crypto.NoneCipher - NoneCipher initialized — data will NOT be encrypted! Do NOT use in production.
10:30:46.424 [pool-13-thread-18] DEBUG c.p.t.netty.pool.ConnectionPool - Opened HTTP/2 stream on connection [id: 0x162a27a3, L:/127.0.0.1:52051 - R:/127.0.0.1:52050], active streams: 66
10:30:46.424 [pool-13-thread-18] DEBUG c.proxy.transport.netty.NettyClient - Created HTTP/2 stream for streamId=157
10:30:46.424 [nioEventLoopGroup-52-1] WARN  com.proxy.crypto.NoneCipher - NoneCipher initialized — data will NOT be encrypted! Do NOT use in production.
10:30:46.424 [nioEventLoopGroup-51-1] WARN  com.proxy.crypto.NoneCipher - NoneCipher initialized — data will NOT be encrypted! Do NOT use in production.
10:30:46.424 [pool-13-thread-5] DEBUG c.p.t.netty.pool.ConnectionPool - Opened HTTP/2 stream on connection [id: 0x162a27a3, L:/127.0.0.1:52051 - R:/127.0.0.1:52050], active streams: 67
10:30:46.424 [pool-13-thread-5] DEBUG c.proxy.transport.netty.NettyClient - Created HTTP/2 stream for streamId=156
10:30:46.424 [nioEventLoopGroup-52-1] DEBUG c.p.exchange.header.DefaultFuture - Request completed: requestId=89, status=200, elapsed=9ms
10:30:46.424 [pool-12-thread-3] DEBUG c.p.remote.dispatch.DispatchInvoker - Handle DATA (stub): dataLength=7
10:30:46.424 [nioEventLoopGroup-51-1] WARN  com.proxy.crypto.NoneCipher - NoneCipher initialized — data will NOT be encrypted! Do NOT use in production.
10:30:46.424 [nioEventLoopGroup-52-1] WARN  com.proxy.crypto.NoneCipher - NoneCipher initialized — data will NOT be encrypted! Do NOT use in production.
10:30:46.424 [pool-12-thread-4] DEBUG c.p.remote.dispatch.DispatchInvoker - Handle DATA (stub): dataLength=7
10:30:46.425 [nioEventLoopGroup-51-1] WARN  com.proxy.crypto.NoneCipher - NoneCipher initialized — data will NOT be encrypted! Do NOT use in production.
10:30:46.425 [pool-13-thread-19] DEBUG c.p.t.netty.pool.ConnectionPool - Opened HTTP/2 stream on connection [id: 0x162a27a3, L:/127.0.0.1:52051 - R:/127.0.0.1:52050], active streams: 68
10:30:46.425 [pool-13-thread-19] DEBUG c.proxy.transport.netty.NettyClient - Created HTTP/2 stream for streamId=155
10:30:46.425 [pool-12-thread-5] DEBUG c.p.remote.dispatch.DispatchInvoker - Handle DATA (stub): dataLength=7
10:30:46.425 [nioEventLoopGroup-51-1] WARN  com.proxy.crypto.NoneCipher - NoneCipher initialized — data will NOT be encrypted! Do NOT use in production.
10:30:46.425 [nioEventLoopGroup-52-1] WARN  com.proxy.crypto.NoneCipher - NoneCipher initialized — data will NOT be encrypted! Do NOT use in production.
10:30:46.425 [pool-12-thread-6] DEBUG c.p.remote.dispatch.DispatchInvoker - Handle DATA (stub): dataLength=7
10:30:46.425 [pool-13-thread-20] DEBUG c.p.t.netty.pool.ConnectionPool - Opened HTTP/2 stream on connection [id: 0x162a27a3, L:/127.0.0.1:52051 - R:/127.0.0.1:52050], active streams: 69
10:30:46.425 [pool-13-thread-20] DEBUG c.proxy.transport.netty.NettyClient - Created HTTP/2 stream for streamId=154
10:30:46.425 [nioEventLoopGroup-51-1] WARN  com.proxy.crypto.NoneCipher - NoneCipher initialized — data will NOT be encrypted! Do NOT use in production.
10:30:46.425 [pool-12-thread-7] DEBUG c.p.remote.dispatch.DispatchInvoker - Handle DATA (stub): dataLength=7
10:30:46.425 [nioEventLoopGroup-52-1] WARN  com.proxy.crypto.NoneCipher - NoneCipher initialized — data will NOT be encrypted! Do NOT use in production.
10:30:46.425 [pool-13-thread-14] DEBUG c.p.t.netty.pool.ConnectionPool - Opened HTTP/2 stream on connection [id: 0x162a27a3, L:/127.0.0.1:52051 - R:/127.0.0.1:52050], active streams: 70
10:30:46.425 [pool-13-thread-14] DEBUG c.proxy.transport.netty.NettyClient - Created HTTP/2 stream for streamId=181
10:30:46.426 [nioEventLoopGroup-52-1] WARN  com.proxy.crypto.NoneCipher - NoneCipher initialized — data will NOT be encrypted! Do NOT use in production.
10:30:46.426 [pool-13-thread-13] DEBUG c.p.t.netty.pool.ConnectionPool - Opened HTTP/2 stream on connection [id: 0x162a27a3, L:/127.0.0.1:52051 - R:/127.0.0.1:52050], active streams: 71
10:30:46.426 [pool-13-thread-13] DEBUG c.proxy.transport.netty.NettyClient - Created HTTP/2 stream for streamId=180
10:30:46.426 [nioEventLoopGroup-52-1] DEBUG c.p.exchange.header.DefaultFuture - Request completed: requestId=88, status=200, elapsed=11ms
10:30:46.426 [nioEventLoopGroup-52-1] DEBUG c.p.exchange.header.DefaultFuture - Request completed: requestId=87, status=200, elapsed=13ms
10:30:46.426 [nioEventLoopGroup-51-1] WARN  com.proxy.crypto.NoneCipher - NoneCipher initialized — data will NOT be encrypted! Do NOT use in production.
10:30:46.426 [nioEventLoopGroup-52-1] WARN  com.proxy.crypto.NoneCipher - NoneCipher initialized — data will NOT be encrypted! Do NOT use in production.
10:30:46.426 [pool-13-thread-12] DEBUG c.p.t.netty.pool.ConnectionPool - Opened HTTP/2 stream on connection [id: 0x162a27a3, L:/127.0.0.1:52051 - R:/127.0.0.1:52050], active streams: 72
10:30:46.426 [pool-12-thread-8] DEBUG c.p.remote.dispatch.DispatchInvoker - Handle DATA (stub): dataLength=7
10:30:46.426 [pool-13-thread-12] DEBUG c.proxy.transport.netty.NettyClient - Created HTTP/2 stream for streamId=179
10:30:46.427 [nioEventLoopGroup-51-1] WARN  com.proxy.crypto.NoneCipher - NoneCipher initialized — data will NOT be encrypted! Do NOT use in production.
10:30:46.427 [nioEventLoopGroup-52-1] DEBUG c.p.exchange.header.DefaultFuture - Request completed: requestId=86, status=200, elapsed=14ms
10:30:46.427 [nioEventLoopGroup-52-1] DEBUG c.p.exchange.header.DefaultFuture - Request completed: requestId=85, status=200, elapsed=15ms
10:30:46.427 [pool-12-thread-9] DEBUG c.p.remote.dispatch.DispatchInvoker - Handle DATA (stub): dataLength=7
10:30:46.427 [nioEventLoopGroup-51-1] WARN  com.proxy.crypto.NoneCipher - NoneCipher initialized — data will NOT be encrypted! Do NOT use in production.
10:30:46.427 [nioEventLoopGroup-52-1] DEBUG c.p.exchange.header.DefaultFuture - Request completed: requestId=84, status=200, elapsed=15ms
10:30:46.427 [pool-12-thread-10] DEBUG c.p.remote.dispatch.DispatchInvoker - Handle DATA (stub): dataLength=7
10:30:46.427 [nioEventLoopGroup-52-1] WARN  com.proxy.crypto.NoneCipher - NoneCipher initialized — data will NOT be encrypted! Do NOT use in production.
10:30:46.427 [pool-13-thread-11] DEBUG c.p.t.netty.pool.ConnectionPool - Opened HTTP/2 stream on connection [id: 0x162a27a3, L:/127.0.0.1:52051 - R:/127.0.0.1:52050], active streams: 73
10:30:46.427 [pool-13-thread-11] DEBUG c.proxy.transport.netty.NettyClient - Created HTTP/2 stream for streamId=178
10:30:46.427 [nioEventLoopGroup-52-1] DEBUG c.p.exchange.header.DefaultFuture - Request completed: requestId=83, status=200, elapsed=16ms
10:30:46.427 [nioEventLoopGroup-51-1] WARN  com.proxy.crypto.NoneCipher - NoneCipher initialized — data will NOT be encrypted! Do NOT use in production.
10:30:46.427 [pool-12-thread-1] DEBUG c.p.remote.dispatch.DispatchInvoker - Handle DATA (stub): dataLength=7
10:30:46.427 [nioEventLoopGroup-51-1] WARN  com.proxy.crypto.NoneCipher - NoneCipher initialized — data will NOT be encrypted! Do NOT use in production.
10:30:46.428 [nioEventLoopGroup-52-1] WARN  com.proxy.crypto.NoneCipher - NoneCipher initialized — data will NOT be encrypted! Do NOT use in production.
10:30:46.428 [pool-13-thread-10] DEBUG c.p.t.netty.pool.ConnectionPool - Opened HTTP/2 stream on connection [id: 0x162a27a3, L:/127.0.0.1:52051 - R:/127.0.0.1:52050], active streams: 74
10:30:46.428 [pool-13-thread-10] DEBUG c.proxy.transport.netty.NettyClient - Created HTTP/2 stream for streamId=177
10:30:46.428 [pool-12-thread-2] DEBUG c.p.remote.dispatch.DispatchInvoker - Handle DATA (stub): dataLength=7
10:30:46.428 [nioEventLoopGroup-52-1] DEBUG c.p.exchange.header.DefaultFuture - Request completed: requestId=82, status=200, elapsed=18ms
10:30:46.428 [nioEventLoopGroup-52-1] DEBUG c.p.exchange.header.DefaultFuture - Request completed: requestId=109, status=200, elapsed=4ms
10:30:46.428 [nioEventLoopGroup-51-1] WARN  com.proxy.crypto.NoneCipher - NoneCipher initialized — data will NOT be encrypted! Do NOT use in production.
10:30:46.428 [nioEventLoopGroup-52-1] WARN  com.proxy.crypto.NoneCipher - NoneCipher initialized — data will NOT be encrypted! Do NOT use in production.
10:30:46.428 [pool-12-thread-3] DEBUG c.p.remote.dispatch.DispatchInvoker - Handle DATA (stub): dataLength=7
10:30:46.428 [pool-13-thread-9] DEBUG c.p.t.netty.pool.ConnectionPool - Opened HTTP/2 stream on connection [id: 0x162a27a3, L:/127.0.0.1:52051 - R:/127.0.0.1:52050], active streams: 75
10:30:46.428 [pool-13-thread-9] DEBUG c.proxy.transport.netty.NettyClient - Created HTTP/2 stream for streamId=176
10:30:46.428 [nioEventLoopGroup-51-1] WARN  com.proxy.crypto.NoneCipher - NoneCipher initialized — data will NOT be encrypted! Do NOT use in production.
10:30:46.428 [nioEventLoopGroup-52-1] DEBUG c.p.exchange.header.DefaultFuture - Request completed: requestId=108, status=200, elapsed=5ms
[...]
10:30:46.449 [nioEventLoopGroup-52-1] WARN  c.p.exchange.header.ExchangeHandler - Connection disconnected, failing all pending futures
10:30:46.449 [nioEventLoopGroup-52-1] DEBUG c.p.t.n.handler.ClientMessageHandler - HTTP/2 stream channel inactive: [id: 0x162a27a3, L:/127.0.0.1:52051 ! R:/127.0.0.1:52050](H2 - 155)
10:30:46.449 [nioEventLoopGroup-52-1] WARN  c.p.exchange.header.ExchangeHandler - Connection disconnected, failing all pending futures
10:30:46.449 [nioEventLoopGroup-52-1] DEBUG c.p.t.n.handler.ClientMessageHandler - HTTP/2 stream channel inactive: [id: 0x162a27a3, L:/127.0.0.1:52051 ! R:/127.0.0.1:52050](H2 - 153)
10:30:46.449 [nioEventLoopGroup-52-1] WARN  c.p.exchange.header.ExchangeHandler - Connection disconnected, failing all pending futures
10:30:46.449 [nioEventLoopGroup-52-1] DEBUG c.p.t.n.handler.ClientMessageHandler - HTTP/2 stream channel inactive: [id: 0x162a27a3, L:/127.0.0.1:52051 ! R:/127.0.0.1:52050](H2 - 151)
10:30:46.449 [nioEventLoopGroup-52-1] WARN  c.p.exchange.header.ExchangeHandler - Connection disconnected, failing all pending futures
10:30:46.449 [nioEventLoopGroup-52-1] DEBUG c.p.t.n.handler.ClientMessageHandler - HTTP/2 stream channel inactive: [id: 0x162a27a3, L:/127.0.0.1:52051 ! R:/127.0.0.1:52050](H2 - 149)
10:30:46.449 [nioEventLoopGroup-52-1] WARN  c.p.exchange.header.ExchangeHandler - Connection disconnected, failing all pending futures
10:30:46.449 [nioEventLoopGroup-52-1] DEBUG c.p.t.n.handler.ClientMessageHandler - HTTP/2 stream channel inactive: [id: 0x162a27a3, L:/127.0.0.1:52051 ! R:/127.0.0.1:52050](H2 - 147)
10:30:46.449 [nioEventLoopGroup-52-1] WARN  c.p.exchange.header.ExchangeHandler - Connection disconnected, failing all pending futures
10:30:46.449 [nioEventLoopGroup-52-1] DEBUG c.p.t.n.handler.ClientMessageHandler - HTTP/2 stream channel inactive: [id: 0x162a27a3, L:/127.0.0.1:52051 ! R:/127.0.0.1:52050](H2 - 145)
10:30:46.449 [nioEventLoopGroup-52-1] WARN  c.p.exchange.header.ExchangeHandler - Connection disconnected, failing all pending futures
10:30:46.449 [nioEventLoopGroup-52-1] DEBUG c.p.t.n.handler.ClientMessageHandler - HTTP/2 stream channel inactive: [id: 0x162a27a3, L:/127.0.0.1:52051 ! R:/127.0.0.1:52050](H2 - 143)
10:30:46.449 [nioEventLoopGroup-52-1] WARN  c.p.exchange.header.ExchangeHandler - Connection disconnected, failing all pending futures
10:30:46.449 [nioEventLoopGroup-52-1] DEBUG c.p.t.n.handler.ClientMessageHandler - HTTP/2 stream channel inactive: [id: 0x162a27a3, L:/127.0.0.1:52051 ! R:/127.0.0.1:52050](H2 - 141)
10:30:46.449 [nioEventLoopGroup-52-1] WARN  c.p.exchange.header.ExchangeHandler - Connection disconnected, failing all pending futures
10:30:46.449 [nioEventLoopGroup-52-1] DEBUG c.p.t.n.handler.ClientMessageHandler - HTTP/2 stream channel inactive: [id: 0x162a27a3, L:/127.0.0.1:52051 ! R:/127.0.0.1:52050](H2 - 199)
10:30:46.449 [nioEventLoopGroup-52-1] WARN  c.p.exchange.header.ExchangeHandler - Connection disconnected, failing all pending futures
10:30:46.449 [nioEventLoopGroup-52-1] DEBUG c.p.t.n.handler.ClientMessageHandler - HTTP/2 stream channel inactive: [id: 0x162a27a3, L:/127.0.0.1:52051 ! R:/127.0.0.1:52050](H2 - 197)
10:30:46.449 [nioEventLoopGroup-52-1] WARN  c.p.exchange.header.ExchangeHandler - Connection disconnected, failing all pending futures
10:30:46.449 [nioEventLoopGroup-52-1] DEBUG c.p.t.n.handler.ClientMessageHandler - HTTP/2 stream channel inactive: [id: 0x162a27a3, L:/127.0.0.1:52051 ! R:/127.0.0.1:52050](H2 - 195)
10:30:46.449 [nioEventLoopGroup-52-1] WARN  c.p.exchange.header.ExchangeHandler - Connection disconnected, failing all pending futures
10:30:46.449 [nioEventLoopGroup-52-1] DEBUG c.p.t.n.handler.ClientMessageHandler - HTTP/2 stream channel inactive: [id: 0x162a27a3, L:/127.0.0.1:52051 ! R:/127.0.0.1:52050](H2 - 193)
10:30:46.449 [nioEventLoopGroup-52-1] WARN  c.p.exchange.header.ExchangeHandler - Connection disconnected, failing all pending futures
10:30:46.449 [nioEventLoopGroup-52-1] DEBUG c.p.t.n.handler.ClientMessageHandler - HTTP/2 stream channel inactive: [id: 0x162a27a3, L:/127.0.0.1:52051 ! R:/127.0.0.1:52050](H2 - 191)
10:30:46.449 [nioEventLoopGroup-52-1] WARN  c.p.exchange.header.ExchangeHandler - Connection disconnected, failing all pending futures
10:30:46.449 [nioEventLoopGroup-52-1] DEBUG c.p.t.n.handler.ClientMessageHandler - HTTP/2 stream channel inactive: [id: 0x162a27a3, L:/127.0.0.1:52051 ! R:/127.0.0.1:52050](H2 - 189)
10:30:46.449 [nioEventLoopGroup-52-1] WARN  c.p.exchange.header.ExchangeHandler - Connection disconnected, failing all pending futures
10:30:46.449 [nioEventLoopGroup-52-1] DEBUG c.p.t.n.handler.ClientMessageHandler - HTTP/2 stream channel inactive: [id: 0x162a27a3, L:/127.0.0.1:52051 ! R:/127.0.0.1:52050](H2 - 187)
10:30:46.449 [nioEventLoopGroup-52-1] WARN  c.p.exchange.header.ExchangeHandler - Connection disconnected, failing all pending futures
10:30:46.449 [nioEventLoopGroup-52-1] DEBUG c.p.t.n.handler.ClientMessageHandler - HTTP/2 stream channel inactive: [id: 0x162a27a3, L:/127.0.0.1:52051 ! R:/127.0.0.1:52050](H2 - 185)
10:30:46.449 [nioEventLoopGroup-52-1] WARN  c.p.exchange.header.ExchangeHandler - Connection disconnected, failing all pending futures
10:30:46.449 [nioEventLoopGroup-52-1] DEBUG c.p.t.n.handler.ClientMessageHandler - HTTP/2 stream channel inactive: [id: 0x162a27a3, L:/127.0.0.1:52051 ! R:/127.0.0.1:52050](H2 - 183)
10:30:46.449 [nioEventLoopGroup-52-1] WARN  c.p.exchange.header.ExchangeHandler - Connection disconnected, failing all pending futures
10:30:46.449 [nioEventLoopGroup-52-1] DEBUG c.p.t.n.handler.ClientMessageHandler - HTTP/2 stream channel inactive: [id: 0x162a27a3, L:/127.0.0.1:52051 ! R:/127.0.0.1:52050](H2 - 181)
10:30:46.449 [nioEventLoopGroup-52-1] WARN  c.p.exchange.header.ExchangeHandler - Connection disconnected, failing all pending futures
10:30:46.449 [nioEventLoopGroup-52-1] DEBUG c.p.t.n.handler.ClientMessageHandler - HTTP/2 stream channel inactive: [id: 0x162a27a3, L:/127.0.0.1:52051 ! R:/127.0.0.1:52050](H2 - 179)
10:30:46.449 [nioEventLoopGroup-52-1] WARN  c.p.exchange.header.ExchangeHandler - Connection disconnected, failing all pending futures
10:30:46.449 [nioEventLoopGroup-52-1] DEBUG c.p.t.n.handler.ClientMessageHandler - HTTP/2 stream channel inactive: [id: 0x162a27a3, L:/127.0.0.1:52051 ! R:/127.0.0.1:52050](H2 - 177)
10:30:46.449 [nioEventLoopGroup-52-1] WARN  c.p.exchange.header.ExchangeHandler - Connection disconnected, failing all pending futures
10:30:46.449 [nioEventLoopGroup-52-1] DEBUG c.p.t.n.handler.ClientMessageHandler - HTTP/2 stream channel inactive: [id: 0x162a27a3, L:/127.0.0.1:52051 ! R:/127.0.0.1:52050](H2 - 175)
10:30:46.449 [nioEventLoopGroup-52-1] WARN  c.p.exchange.header.ExchangeHandler - Connection disconnected, failing all pending futures
10:30:46.449 [nioEventLoopGroup-52-1] DEBUG c.p.t.n.handler.ClientMessageHandler - HTTP/2 stream channel inactive: [id: 0x162a27a3, L:/127.0.0.1:52051 ! R:/127.0.0.1:52050](H2 - 173)
10:30:46.449 [nioEventLoopGroup-52-1] WARN  c.p.exchange.header.ExchangeHandler - Connection disconnected, failing all pending futures
10:30:46.449 [nioEventLoopGroup-52-1] DEBUG c.p.t.n.handler.ClientMessageHandler - HTTP/2 stream channel inactive: [id: 0x162a27a3, L:/127.0.0.1:52051 ! R:/127.0.0.1:52050](H2 - 171)
10:30:46.449 [nioEventLoopGroup-52-1] WARN  c.p.exchange.header.ExchangeHandler - Connection disconnected, failing all pending futures
10:30:46.449 [nioEventLoopGroup-52-1] DEBUG c.p.t.n.handler.ClientMessageHandler - HTTP/2 stream channel inactive: [id: 0x162a27a3, L:/127.0.0.1:52051 ! R:/127.0.0.1:52050](H2 - 169)
10:30:46.449 [nioEventLoopGroup-52-1] WARN  c.p.exchange.header.ExchangeHandler - Connection disconnected, failing all pending futures
10:30:46.449 [nioEventLoopGroup-52-1] DEBUG c.p.t.n.handler.ClientMessageHandler - HTTP/2 stream channel inactive: [id: 0x162a27a3, L:/127.0.0.1:52051 ! R:/127.0.0.1:52050](H2 - 167)
10:30:46.449 [nioEventLoopGroup-52-1] WARN  c.p.exchange.header.ExchangeHandler - Connection disconnected, failing all pending futures
10:30:46.449 [nioEventLoopGroup-52-1] DEBUG c.p.t.n.handler.ClientMessageHandler - HTTP/2 stream channel inactive: [id: 0x162a27a3, L:/127.0.0.1:52051 ! R:/127.0.0.1:52050](H2 - 201)
10:30:46.449 [nioEventLoopGroup-52-1] WARN  c.p.exchange.header.ExchangeHandler - Connection disconnected, failing all pending futures
10:30:46.449 [main] INFO  c.p.t.netty.pool.ConnectionPool - HTTP/2 connection pool closed
10:30:46.449 [main] INFO  c.proxy.transport.netty.NettyClient - NettyClient closed, all streams released
10:30:46.449 [main] INFO  c.p.e.header.HeaderExchangeClient - HeaderExchangeClient closed
10:30:46.449 [main] INFO  c.proxy.transport.netty.NettyServer - Shutting down NettyServer on 127.0.0.1:52050
10:30:46.450 [main] INFO  c.proxy.transport.netty.NettyServer - NettyServer shut down successfully
]]></system-out>
  </testcase>
  <testcase name="testDisconnect" classname="com.proxy.remote.integration.ClientServerIntegrationTest" time="0.006">
    <system-out><![CDATA[10:30:46.452 [main] DEBUG com.proxy.common.spi.ExtensionLoader - Loaded 1 extension classes for type: com.proxy.common.exchange.Exchanger: [header]
10:30:46.452 [main] DEBUG com.proxy.common.spi.ExtensionLoader - Loaded 1 extension classes for type: com.proxy.common.transport.Transporter: [netty]
10:30:46.453 [main] INFO  c.proxy.transport.netty.NettyServer - NettyServer started on 127.0.0.1:52052 (bossThreads=1, workerThreads=2, maxStreams=100, backlog=128)
10:30:46.453 [main] INFO  c.p.transport.netty.NettyTransporter - NettyServer started on 127.0.0.1:52052
10:30:46.453 [main] INFO  c.p.exchange.header.HeaderExchanger - HeaderExchanger bound ExchangeServer on 127.0.0.1:52052
10:30:46.454 [main] INFO  c.p.t.netty.pool.ConnectionPool - Created new HTTP/2 connection to 127.0.0.1:52052, pool size: 1
10:30:46.454 [main] INFO  c.proxy.transport.netty.NettyClient - NettyClient connected to 127.0.0.1:52052 via HTTP/2
10:30:46.454 [main] INFO  c.p.transport.netty.NettyTransporter - Created NettyClient to 127.0.0.1:52052
10:30:46.454 [main] INFO  c.p.exchange.header.HeaderExchanger - HeaderExchanger created ExchangeClient to 127.0.0.1:52052
10:30:46.454 [nioEventLoopGroup-54-1] DEBUG c.proxy.transport.netty.NettyServer - Client connected: /127.0.0.1:52053, active connections: 1
10:30:46.455 [nioEventLoopGroup-55-1] DEBUG com.proxy.common.spi.ExtensionLoader - Loaded 4 extension classes for type: com.proxy.common.crypto.Cipher: [aes-gcm, chacha20, aes-ctr-hmac, none]
10:30:46.455 [nioEventLoopGroup-55-1] WARN  com.proxy.crypto.NoneCipher - NoneCipher initialized — data will NOT be encrypted! Do NOT use in production.
10:30:46.455 [nioEventLoopGroup-55-1] DEBUG com.proxy.common.spi.ExtensionLoader - Loaded 1 extension classes for type: com.proxy.common.codec.Codec: [proxy]
10:30:46.455 [main] DEBUG c.p.t.netty.pool.ConnectionPool - Opened HTTP/2 stream on connection [id: 0x53a15607, L:/127.0.0.1:52053 - R:/127.0.0.1:52052], active streams: 1
10:30:46.455 [main] DEBUG c.proxy.transport.netty.NettyClient - Created HTTP/2 stream for streamId=3
10:30:46.456 [nioEventLoopGroup-54-1] WARN  com.proxy.crypto.NoneCipher - NoneCipher initialized — data will NOT be encrypted! Do NOT use in production.
10:30:46.456 [pool-14-thread-1] INFO  c.p.remote.dispatch.DispatchInvoker - Handle DISCONNECT: target=www.example.com:443
10:30:46.456 [nioEventLoopGroup-55-1] DEBUG c.p.t.netty.pool.ConnectionPool - HTTP/2 stream closed, active streams: 0, notified waiting threads
10:30:46.456 [nioEventLoopGroup-55-1] DEBUG c.proxy.transport.netty.NettyClient - Stream 3 closed and removed from mapping
10:30:46.456 [nioEventLoopGroup-55-1] DEBUG c.proxy.transport.netty.NettyClient - Closed stream for streamId=3
10:30:46.456 [nioEventLoopGroup-55-1] DEBUG c.p.exchange.header.DefaultFuture - Request completed: requestId=128, status=200, elapsed=2ms
10:30:46.456 [nioEventLoopGroup-55-1] DEBUG c.p.t.n.handler.ClientMessageHandler - HTTP/2 stream channel inactive: [id: 0x53a15607, L:/127.0.0.1:52053 - R:/127.0.0.1:52052](H2 - 3)
10:30:46.456 [nioEventLoopGroup-55-1] WARN  c.p.exchange.header.ExchangeHandler - Connection disconnected, failing all pending futures
10:30:46.456 [main] INFO  c.p.t.netty.pool.ConnectionPool - Closing HTTP/2 connection pool, active connections: 1
10:30:46.456 [main] INFO  c.p.t.n.pool.Http2PooledConnection - Closed HTTP/2 connection: [id: 0x53a15607, L:/127.0.0.1:52053 - R:/127.0.0.1:52052]
10:30:46.456 [nioEventLoopGroup-54-1] DEBUG c.p.t.n.handler.ServerChannelHandler - Server channel inactive: /127.0.0.1:52053
10:30:46.457 [nioEventLoopGroup-54-1] DEBUG c.proxy.transport.netty.NettyServer - Client disconnected: /127.0.0.1:52053, active connections: 0
10:30:46.457 [main] INFO  c.p.t.netty.pool.ConnectionPool - HTTP/2 connection pool closed
10:30:46.457 [main] INFO  c.proxy.transport.netty.NettyClient - NettyClient closed, all streams released
10:30:46.457 [main] INFO  c.p.e.header.HeaderExchangeClient - HeaderExchangeClient closed
10:30:46.457 [main] INFO  c.proxy.transport.netty.NettyServer - Shutting down NettyServer on 127.0.0.1:52052
10:30:46.457 [main] INFO  c.proxy.transport.netty.NettyServer - NettyServer shut down successfully
]]></system-out>
  </testcase>
  <testcase name="testServerLifecycle" classname="com.proxy.remote.integration.ClientServerIntegrationTest" time="0.004">
    <system-out><![CDATA[10:30:46.458 [main] DEBUG com.proxy.common.spi.ExtensionLoader - Loaded 1 extension classes for type: com.proxy.common.exchange.Exchanger: [header]
10:30:46.458 [main] DEBUG com.proxy.common.spi.ExtensionLoader - Loaded 1 extension classes for type: com.proxy.common.transport.Transporter: [netty]
10:30:46.459 [main] INFO  c.proxy.transport.netty.NettyServer - NettyServer started on 127.0.0.1:52054 (bossThreads=1, workerThreads=2, maxStreams=100, backlog=128)
10:30:46.459 [main] INFO  c.p.transport.netty.NettyTransporter - NettyServer started on 127.0.0.1:52054
10:30:46.459 [main] INFO  c.p.exchange.header.HeaderExchanger - HeaderExchanger bound ExchangeServer on 127.0.0.1:52054
10:30:46.460 [main] INFO  c.p.t.netty.pool.ConnectionPool - Created new HTTP/2 connection to 127.0.0.1:52054, pool size: 1
10:30:46.460 [main] INFO  c.proxy.transport.netty.NettyClient - NettyClient connected to 127.0.0.1:52054 via HTTP/2
10:30:46.460 [main] INFO  c.p.transport.netty.NettyTransporter - Created NettyClient to 127.0.0.1:52054
10:30:46.460 [main] INFO  c.p.exchange.header.HeaderExchanger - HeaderExchanger created ExchangeClient to 127.0.0.1:52054
10:30:46.460 [main] INFO  c.proxy.transport.netty.NettyServer - Shutting down NettyServer on 127.0.0.1:52054
10:30:46.460 [nioEventLoopGroup-57-1] DEBUG c.proxy.transport.netty.NettyServer - Client connected: /127.0.0.1:52055, active connections: 1
10:30:46.460 [nioEventLoopGroup-57-1] DEBUG c.proxy.transport.netty.NettyServer - Client disconnected: /127.0.0.1:52055, active connections: 0
10:30:46.460 [main] INFO  c.proxy.transport.netty.NettyServer - NettyServer shut down successfully
10:30:46.461 [main] INFO  c.p.t.netty.pool.ConnectionPool - Closing HTTP/2 connection pool, active connections: 1
10:30:46.461 [main] INFO  c.p.t.n.pool.Http2PooledConnection - Closed HTTP/2 connection: [id: 0x3ada4e81, L:/127.0.0.1:52055 - R:/127.0.0.1:52054]
10:30:46.462 [main] INFO  c.p.t.netty.pool.ConnectionPool - HTTP/2 connection pool closed
10:30:46.462 [main] INFO  c.proxy.transport.netty.NettyClient - NettyClient closed, all streams released
10:30:46.462 [main] INFO  c.p.e.header.HeaderExchangeClient - HeaderExchangeClient closed
]]></system-out>
  </testcase>
  <testcase name="testConnect" classname="com.proxy.remote.integration.ClientServerIntegrationTest" time="0.006">
    <system-out><![CDATA[10:30:46.463 [main] DEBUG com.proxy.common.spi.ExtensionLoader - Loaded 1 extension classes for type: com.proxy.common.exchange.Exchanger: [header]
10:30:46.463 [main] DEBUG com.proxy.common.spi.ExtensionLoader - Loaded 1 extension classes for type: com.proxy.common.transport.Transporter: [netty]
10:30:46.463 [main] INFO  c.proxy.transport.netty.NettyServer - NettyServer started on 127.0.0.1:52056 (bossThreads=1, workerThreads=2, maxStreams=100, backlog=128)
10:30:46.463 [main] INFO  c.p.transport.netty.NettyTransporter - NettyServer started on 127.0.0.1:52056
10:30:46.463 [main] INFO  c.p.exchange.header.HeaderExchanger - HeaderExchanger bound ExchangeServer on 127.0.0.1:52056
10:30:46.464 [main] INFO  c.p.t.netty.pool.ConnectionPool - Created new HTTP/2 connection to 127.0.0.1:52056, pool size: 1
10:30:46.464 [main] INFO  c.proxy.transport.netty.NettyClient - NettyClient connected to 127.0.0.1:52056 via HTTP/2
10:30:46.464 [main] INFO  c.p.transport.netty.NettyTransporter - Created NettyClient to 127.0.0.1:52056
10:30:46.464 [main] INFO  c.p.exchange.header.HeaderExchanger - HeaderExchanger created ExchangeClient to 127.0.0.1:52056
10:30:46.464 [nioEventLoopGroup-60-1] DEBUG c.proxy.transport.netty.NettyServer - Client connected: /127.0.0.1:52057, active connections: 1
10:30:46.465 [nioEventLoopGroup-61-1] DEBUG com.proxy.common.spi.ExtensionLoader - Loaded 4 extension classes for type: com.proxy.common.crypto.Cipher: [aes-gcm, chacha20, aes-ctr-hmac, none]
10:30:46.465 [nioEventLoopGroup-61-1] WARN  com.proxy.crypto.NoneCipher - NoneCipher initialized — data will NOT be encrypted! Do NOT use in production.
10:30:46.465 [nioEventLoopGroup-61-1] DEBUG com.proxy.common.spi.ExtensionLoader - Loaded 1 extension classes for type: com.proxy.common.codec.Codec: [proxy]
10:30:46.465 [main] DEBUG c.p.t.netty.pool.ConnectionPool - Opened HTTP/2 stream on connection [id: 0x9133503d, L:/127.0.0.1:52057 - R:/127.0.0.1:52056], active streams: 1
10:30:46.465 [main] DEBUG c.proxy.transport.netty.NettyClient - Created HTTP/2 stream for streamId=1
10:30:46.465 [nioEventLoopGroup-60-1] WARN  com.proxy.crypto.NoneCipher - NoneCipher initialized — data will NOT be encrypted! Do NOT use in production.
10:30:46.466 [pool-16-thread-1] INFO  c.p.remote.dispatch.DispatchInvoker - Handle CONNECT: target=www.example.com:443
10:30:46.466 [nioEventLoopGroup-61-1] DEBUG c.p.exchange.header.DefaultFuture - Request completed: requestId=129, status=200, elapsed=2ms
10:30:46.466 [main] INFO  c.p.t.netty.pool.ConnectionPool - Closing HTTP/2 connection pool, active connections: 1
10:30:46.466 [main] INFO  c.p.t.n.pool.Http2PooledConnection - Closed HTTP/2 connection: [id: 0x9133503d, L:/127.0.0.1:52057 - R:/127.0.0.1:52056]
10:30:46.466 [nioEventLoopGroup-61-1] DEBUG c.p.t.netty.pool.ConnectionPool - HTTP/2 stream closed, active streams: 0, notified waiting threads
10:30:46.466 [nioEventLoopGroup-61-1] DEBUG c.proxy.transport.netty.NettyClient - Stream 1 closed and removed from mapping
10:30:46.466 [nioEventLoopGroup-60-1] DEBUG c.p.t.n.handler.ServerChannelHandler - Server channel inactive: /127.0.0.1:52057
10:30:46.466 [nioEventLoopGroup-61-1] DEBUG c.p.t.n.handler.ClientMessageHandler - HTTP/2 stream channel inactive: [id: 0x9133503d, L:/127.0.0.1:52057 ! R:/127.0.0.1:52056](H2 - 3)
10:30:46.467 [nioEventLoopGroup-61-1] WARN  c.p.exchange.header.ExchangeHandler - Connection disconnected, failing all pending futures
10:30:46.467 [nioEventLoopGroup-60-1] DEBUG c.proxy.transport.netty.NettyServer - Client disconnected: /127.0.0.1:52057, active connections: 0
10:30:46.468 [main] INFO  c.p.t.netty.pool.ConnectionPool - HTTP/2 connection pool closed
10:30:46.468 [main] INFO  c.proxy.transport.netty.NettyClient - NettyClient closed, all streams released
10:30:46.468 [main] INFO  c.p.e.header.HeaderExchangeClient - HeaderExchangeClient closed
10:30:46.468 [main] INFO  c.proxy.transport.netty.NettyServer - Shutting down NettyServer on 127.0.0.1:52056
10:30:46.468 [main] INFO  c.proxy.transport.netty.NettyServer - NettyServer shut down successfully
]]></system-out>
  </testcase>
</testsuite>